The system is: Linux - 3.10.0-1160.24.1.el7.x86_64 - x86_64
Compiling the C compiler identification source file "CMakeCCompilerId.c" succeeded.
Compiler: /cm/shared/software/GCCcore/6.4.0/bin/gcc 
Build flags: 
Id flags:  

The output was:
0


Compilation of the C compiler identification source "CMakeCCompilerId.c" produced "a.out"

The C compiler identification is GNU, found in "/home/khnguy22/RAVEN/raven-parcs/raven_latest/ravenframework/contrib/PythonFMU/pythonfmu/pythonfmu-export/build/CMakeFiles/3.10.2/CompilerIdC/a.out"

Compiling the CXX compiler identification source file "CMakeCXXCompilerId.cpp" succeeded.
Compiler: /cm/shared/software/GCCcore/6.4.0/bin/g++ 
Build flags: 
Id flags:  

The output was:
0


Compilation of the CXX compiler identification source "CMakeCXXCompilerId.cpp" produced "a.out"

The CXX compiler identification is GNU, found in "/home/khnguy22/RAVEN/raven-parcs/raven_latest/ravenframework/contrib/PythonFMU/pythonfmu/pythonfmu-export/build/CMakeFiles/3.10.2/CompilerIdCXX/a.out"

Determining if the C compiler works passed with the following output:
Change Dir: /home/khnguy22/RAVEN/raven-parcs/raven_latest/ravenframework/contrib/PythonFMU/pythonfmu/pythonfmu-export/build/CMakeFiles/CMakeTmp

Run Build Command:"/usr/bin/gmake" "cmTC_0216c/fast"
/usr/bin/gmake -f CMakeFiles/cmTC_0216c.dir/build.make CMakeFiles/cmTC_0216c.dir/build
gmake[1]: Entering directory `/home/khnguy22/RAVEN/raven-parcs/raven_latest/ravenframework/contrib/PythonFMU/pythonfmu/pythonfmu-export/build/CMakeFiles/CMakeTmp'
Building C object CMakeFiles/cmTC_0216c.dir/testCCompiler.c.o
/cm/shared/software/GCCcore/6.4.0/bin/gcc    -o CMakeFiles/cmTC_0216c.dir/testCCompiler.c.o   -c /home/khnguy22/RAVEN/raven-parcs/raven_latest/ravenframework/contrib/PythonFMU/pythonfmu/pythonfmu-export/build/CMakeFiles/CMakeTmp/testCCompiler.c
Linking C executable cmTC_0216c
/cm/shared/software/CMake/3.10.2-GCCcore-6.4.0/bin/cmake -E cmake_link_script CMakeFiles/cmTC_0216c.dir/link.txt --verbose=1
/cm/shared/software/GCCcore/6.4.0/bin/gcc      CMakeFiles/cmTC_0216c.dir/testCCompiler.c.o  -o cmTC_0216c 
gmake[1]: Leaving directory `/home/khnguy22/RAVEN/raven-parcs/raven_latest/ravenframework/contrib/PythonFMU/pythonfmu/pythonfmu-export/build/CMakeFiles/CMakeTmp'


Detecting C compiler ABI info compiled with the following output:
Change Dir: /home/khnguy22/RAVEN/raven-parcs/raven_latest/ravenframework/contrib/PythonFMU/pythonfmu/pythonfmu-export/build/CMakeFiles/CMakeTmp

Run Build Command:"/usr/bin/gmake" "cmTC_a0929/fast"
/usr/bin/gmake -f CMakeFiles/cmTC_a0929.dir/build.make CMakeFiles/cmTC_a0929.dir/build
gmake[1]: Entering directory `/home/khnguy22/RAVEN/raven-parcs/raven_latest/ravenframework/contrib/PythonFMU/pythonfmu/pythonfmu-export/build/CMakeFiles/CMakeTmp'
Building C object CMakeFiles/cmTC_a0929.dir/CMakeCCompilerABI.c.o
/cm/shared/software/GCCcore/6.4.0/bin/gcc    -o CMakeFiles/cmTC_a0929.dir/CMakeCCompilerABI.c.o   -c /cm/shared/software/CMake/3.10.2-GCCcore-6.4.0/share/cmake-3.10/Modules/CMakeCCompilerABI.c
Linking C executable cmTC_a0929
/cm/shared/software/CMake/3.10.2-GCCcore-6.4.0/bin/cmake -E cmake_link_script CMakeFiles/cmTC_a0929.dir/link.txt --verbose=1
/cm/shared/software/GCCcore/6.4.0/bin/gcc     -v CMakeFiles/cmTC_a0929.dir/CMakeCCompilerABI.c.o  -o cmTC_a0929 
Using built-in specs.
COLLECT_GCC=/cm/shared/software/GCCcore/6.4.0/bin/gcc
COLLECT_LTO_WRAPPER=/cm/shared/software/GCCcore/6.4.0/libexec/gcc/x86_64-pc-linux-gnu/6.4.0/lto-wrapper
Target: x86_64-pc-linux-gnu
Configured with: ../configure --enable-languages=c,c++,fortran --enable-lto --enable-checking=release --disable-multilib --enable-shared=yes --enable-static=yes --enable-threads=posix --enable-gold=default --enable-plugins --enable-ld --with-plugin-ld=ld.gold --prefix=/cm/shared/software/GCCcore/6.4.0 --with-local-prefix=/cm/shared/software/GCCcore/6.4.0 --enable-bootstrap --with-isl=/home/pbalest/.local/easybuild/build/GCCcore/6.4.0/dummy-/gcc-6.4.0/stage2_stuff
Thread model: posix
gcc version 6.4.0 (GCC) 
COMPILER_PATH=/cm/shared/software/GCCcore/6.4.0/libexec/gcc/x86_64-pc-linux-gnu/6.4.0/:/cm/shared/software/GCCcore/6.4.0/libexec/gcc/x86_64-pc-linux-gnu/6.4.0/:/cm/shared/software/GCCcore/6.4.0/libexec/gcc/x86_64-pc-linux-gnu/:/cm/shared/software/GCCcore/6.4.0/lib/gcc/x86_64-pc-linux-gnu/6.4.0/:/cm/shared/software/GCCcore/6.4.0/lib/gcc/x86_64-pc-linux-gnu/
LIBRARY_PATH=/cm/shared/software/GCCcore/6.4.0/lib64/../lib64/:/cm/shared/software/GCCcore/6.4.0/lib/../lib64/:/cm/shared/apps/slurm/current/lib64/../lib64/:/cm/shared/software/GCCcore/6.4.0/lib/gcc/x86_64-pc-linux-gnu/6.4.0/:/cm/shared/software/GCCcore/6.4.0/lib/gcc/x86_64-pc-linux-gnu/6.4.0/../../../../lib64/:/lib/../lib64/:/usr/lib/../lib64/:/cm/shared/software/ncurses/6.0-GCCcore-6.4.0/lib/:/cm/shared/software/GCCcore/6.4.0/lib64/:/cm/shared/software/GCCcore/6.4.0/lib/:/cm/shared/apps/slurm/current/lib64/slurm/:/cm/shared/apps/slurm/current/lib64/:/cm/shared/software/GCCcore/6.4.0/lib/gcc/x86_64-pc-linux-gnu/6.4.0/../../../:/lib/:/usr/lib/
COLLECT_GCC_OPTIONS='-v' '-o' 'cmTC_a0929' '-mtune=generic' '-march=x86-64'
 /cm/shared/software/GCCcore/6.4.0/libexec/gcc/x86_64-pc-linux-gnu/6.4.0/collect2 -plugin /cm/shared/software/GCCcore/6.4.0/libexec/gcc/x86_64-pc-linux-gnu/6.4.0/liblto_plugin.so -plugin-opt=/cm/shared/software/GCCcore/6.4.0/libexec/gcc/x86_64-pc-linux-gnu/6.4.0/lto-wrapper -plugin-opt=-fresolution=/tmp/cccy4R8z.res -plugin-opt=-pass-through=-lgcc -plugin-opt=-pass-through=-lgcc_s -plugin-opt=-pass-through=-lc -plugin-opt=-pass-through=-lgcc -plugin-opt=-pass-through=-lgcc_s --eh-frame-hdr -m elf_x86_64 -dynamic-linker /lib64/ld-linux-x86-64.so.2 -o cmTC_a0929 /lib/../lib64/crt1.o /lib/../lib64/crti.o /cm/shared/software/GCCcore/6.4.0/lib/gcc/x86_64-pc-linux-gnu/6.4.0/crtbegin.o -L/cm/shared/software/GCCcore/6.4.0/lib64/../lib64 -L/cm/shared/software/GCCcore/6.4.0/lib/../lib64 -L/cm/shared/apps/slurm/current/lib64/../lib64 -L/cm/shared/software/GCCcore/6.4.0/lib/gcc/x86_64-pc-linux-gnu/6.4.0 -L/cm/shared/software/GCCcore/6.4.0/lib/gcc/x86_64-pc-linux-gnu/6.4.0/../../../../lib64 -L/lib/../lib64 -L/usr/lib/../lib64 -L/cm/shared/software/ncurses/6.0-GCCcore-6.4.0/lib -L/cm/shared/software/GCCcore/6.4.0/lib64 -L/cm/shared/software/GCCcore/6.4.0/lib -L/cm/shared/apps/slurm/current/lib64/slurm -L/cm/shared/apps/slurm/current/lib64 -L/cm/shared/software/GCCcore/6.4.0/lib/gcc/x86_64-pc-linux-gnu/6.4.0/../../.. CMakeFiles/cmTC_a0929.dir/CMakeCCompilerABI.c.o -lgcc --as-needed -lgcc_s --no-as-needed -lc -lgcc --as-needed -lgcc_s --no-as-needed /cm/shared/software/GCCcore/6.4.0/lib/gcc/x86_64-pc-linux-gnu/6.4.0/crtend.o /lib/../lib64/crtn.o
COLLECT_GCC_OPTIONS='-v' '-o' 'cmTC_a0929' '-mtune=generic' '-march=x86-64'
gmake[1]: Leaving directory `/home/khnguy22/RAVEN/raven-parcs/raven_latest/ravenframework/contrib/PythonFMU/pythonfmu/pythonfmu-export/build/CMakeFiles/CMakeTmp'


Parsed C implicit link information from above output:
  link line regex: [^( *|.*[/\])(ld|CMAKE_LINK_STARTFILE-NOTFOUND|([^/\]+-)?ld|collect2)[^/\]*( |$)]
  ignore line: [Change Dir: /home/khnguy22/RAVEN/raven-parcs/raven_latest/ravenframework/contrib/PythonFMU/pythonfmu/pythonfmu-export/build/CMakeFiles/CMakeTmp]
  ignore line: []
  ignore line: [Run Build Command:"/usr/bin/gmake" "cmTC_a0929/fast"]
  ignore line: [/usr/bin/gmake -f CMakeFiles/cmTC_a0929.dir/build.make CMakeFiles/cmTC_a0929.dir/build]
  ignore line: [gmake[1]: Entering directory `/home/khnguy22/RAVEN/raven-parcs/raven_latest/ravenframework/contrib/PythonFMU/pythonfmu/pythonfmu-export/build/CMakeFiles/CMakeTmp']
  ignore line: [Building C object CMakeFiles/cmTC_a0929.dir/CMakeCCompilerABI.c.o]
  ignore line: [/cm/shared/software/GCCcore/6.4.0/bin/gcc    -o CMakeFiles/cmTC_a0929.dir/CMakeCCompilerABI.c.o   -c /cm/shared/software/CMake/3.10.2-GCCcore-6.4.0/share/cmake-3.10/Modules/CMakeCCompilerABI.c]
  ignore line: [Linking C executable cmTC_a0929]
  ignore line: [/cm/shared/software/CMake/3.10.2-GCCcore-6.4.0/bin/cmake -E cmake_link_script CMakeFiles/cmTC_a0929.dir/link.txt --verbose=1]
  ignore line: [/cm/shared/software/GCCcore/6.4.0/bin/gcc     -v CMakeFiles/cmTC_a0929.dir/CMakeCCompilerABI.c.o  -o cmTC_a0929 ]
  ignore line: [Using built-in specs.]
  ignore line: [COLLECT_GCC=/cm/shared/software/GCCcore/6.4.0/bin/gcc]
  ignore line: [COLLECT_LTO_WRAPPER=/cm/shared/software/GCCcore/6.4.0/libexec/gcc/x86_64-pc-linux-gnu/6.4.0/lto-wrapper]
  ignore line: [Target: x86_64-pc-linux-gnu]
  ignore line: [Configured with: ../configure --enable-languages=c,c++,fortran --enable-lto --enable-checking=release --disable-multilib --enable-shared=yes --enable-static=yes --enable-threads=posix --enable-gold=default --enable-plugins --enable-ld --with-plugin-ld=ld.gold --prefix=/cm/shared/software/GCCcore/6.4.0 --with-local-prefix=/cm/shared/software/GCCcore/6.4.0 --enable-bootstrap --with-isl=/home/pbalest/.local/easybuild/build/GCCcore/6.4.0/dummy-/gcc-6.4.0/stage2_stuff]
  ignore line: [Thread model: posix]
  ignore line: [gcc version 6.4.0 (GCC) ]
  ignore line: [COMPILER_PATH=/cm/shared/software/GCCcore/6.4.0/libexec/gcc/x86_64-pc-linux-gnu/6.4.0/:/cm/shared/software/GCCcore/6.4.0/libexec/gcc/x86_64-pc-linux-gnu/6.4.0/:/cm/shared/software/GCCcore/6.4.0/libexec/gcc/x86_64-pc-linux-gnu/:/cm/shared/software/GCCcore/6.4.0/lib/gcc/x86_64-pc-linux-gnu/6.4.0/:/cm/shared/software/GCCcore/6.4.0/lib/gcc/x86_64-pc-linux-gnu/]
  ignore line: [LIBRARY_PATH=/cm/shared/software/GCCcore/6.4.0/lib64/../lib64/:/cm/shared/software/GCCcore/6.4.0/lib/../lib64/:/cm/shared/apps/slurm/current/lib64/../lib64/:/cm/shared/software/GCCcore/6.4.0/lib/gcc/x86_64-pc-linux-gnu/6.4.0/:/cm/shared/software/GCCcore/6.4.0/lib/gcc/x86_64-pc-linux-gnu/6.4.0/../../../../lib64/:/lib/../lib64/:/usr/lib/../lib64/:/cm/shared/software/ncurses/6.0-GCCcore-6.4.0/lib/:/cm/shared/software/GCCcore/6.4.0/lib64/:/cm/shared/software/GCCcore/6.4.0/lib/:/cm/shared/apps/slurm/current/lib64/slurm/:/cm/shared/apps/slurm/current/lib64/:/cm/shared/software/GCCcore/6.4.0/lib/gcc/x86_64-pc-linux-gnu/6.4.0/../../../:/lib/:/usr/lib/]
  ignore line: [COLLECT_GCC_OPTIONS='-v' '-o' 'cmTC_a0929' '-mtune=generic' '-march=x86-64']
  link line: [ /cm/shared/software/GCCcore/6.4.0/libexec/gcc/x86_64-pc-linux-gnu/6.4.0/collect2 -plugin /cm/shared/software/GCCcore/6.4.0/libexec/gcc/x86_64-pc-linux-gnu/6.4.0/liblto_plugin.so -plugin-opt=/cm/shared/software/GCCcore/6.4.0/libexec/gcc/x86_64-pc-linux-gnu/6.4.0/lto-wrapper -plugin-opt=-fresolution=/tmp/cccy4R8z.res -plugin-opt=-pass-through=-lgcc -plugin-opt=-pass-through=-lgcc_s -plugin-opt=-pass-through=-lc -plugin-opt=-pass-through=-lgcc -plugin-opt=-pass-through=-lgcc_s --eh-frame-hdr -m elf_x86_64 -dynamic-linker /lib64/ld-linux-x86-64.so.2 -o cmTC_a0929 /lib/../lib64/crt1.o /lib/../lib64/crti.o /cm/shared/software/GCCcore/6.4.0/lib/gcc/x86_64-pc-linux-gnu/6.4.0/crtbegin.o -L/cm/shared/software/GCCcore/6.4.0/lib64/../lib64 -L/cm/shared/software/GCCcore/6.4.0/lib/../lib64 -L/cm/shared/apps/slurm/current/lib64/../lib64 -L/cm/shared/software/GCCcore/6.4.0/lib/gcc/x86_64-pc-linux-gnu/6.4.0 -L/cm/shared/software/GCCcore/6.4.0/lib/gcc/x86_64-pc-linux-gnu/6.4.0/../../../../lib64 -L/lib/../lib64 -L/usr/lib/../lib64 -L/cm/shared/software/ncurses/6.0-GCCcore-6.4.0/lib -L/cm/shared/software/GCCcore/6.4.0/lib64 -L/cm/shared/software/GCCcore/6.4.0/lib -L/cm/shared/apps/slurm/current/lib64/slurm -L/cm/shared/apps/slurm/current/lib64 -L/cm/shared/software/GCCcore/6.4.0/lib/gcc/x86_64-pc-linux-gnu/6.4.0/../../.. CMakeFiles/cmTC_a0929.dir/CMakeCCompilerABI.c.o -lgcc --as-needed -lgcc_s --no-as-needed -lc -lgcc --as-needed -lgcc_s --no-as-needed /cm/shared/software/GCCcore/6.4.0/lib/gcc/x86_64-pc-linux-gnu/6.4.0/crtend.o /lib/../lib64/crtn.o]
    arg [/cm/shared/software/GCCcore/6.4.0/libexec/gcc/x86_64-pc-linux-gnu/6.4.0/collect2] ==> ignore
    arg [-plugin] ==> ignore
    arg [/cm/shared/software/GCCcore/6.4.0/libexec/gcc/x86_64-pc-linux-gnu/6.4.0/liblto_plugin.so] ==> ignore
    arg [-plugin-opt=/cm/shared/software/GCCcore/6.4.0/libexec/gcc/x86_64-pc-linux-gnu/6.4.0/lto-wrapper] ==> ignore
    arg [-plugin-opt=-fresolution=/tmp/cccy4R8z.res] ==> ignore
    arg [-plugin-opt=-pass-through=-lgcc] ==> ignore
    arg [-plugin-opt=-pass-through=-lgcc_s] ==> ignore
    arg [-plugin-opt=-pass-through=-lc] ==> ignore
    arg [-plugin-opt=-pass-through=-lgcc] ==> ignore
    arg [-plugin-opt=-pass-through=-lgcc_s] ==> ignore
    arg [--eh-frame-hdr] ==> ignore
    arg [-m] ==> ignore
    arg [elf_x86_64] ==> ignore
    arg [-dynamic-linker] ==> ignore
    arg [/lib64/ld-linux-x86-64.so.2] ==> ignore
    arg [-o] ==> ignore
    arg [cmTC_a0929] ==> ignore
    arg [/lib/../lib64/crt1.o] ==> ignore
    arg [/lib/../lib64/crti.o] ==> ignore
    arg [/cm/shared/software/GCCcore/6.4.0/lib/gcc/x86_64-pc-linux-gnu/6.4.0/crtbegin.o] ==> ignore
    arg [-L/cm/shared/software/GCCcore/6.4.0/lib64/../lib64] ==> dir [/cm/shared/software/GCCcore/6.4.0/lib64/../lib64]
    arg [-L/cm/shared/software/GCCcore/6.4.0/lib/../lib64] ==> dir [/cm/shared/software/GCCcore/6.4.0/lib/../lib64]
    arg [-L/cm/shared/apps/slurm/current/lib64/../lib64] ==> dir [/cm/shared/apps/slurm/current/lib64/../lib64]
    arg [-L/cm/shared/software/GCCcore/6.4.0/lib/gcc/x86_64-pc-linux-gnu/6.4.0] ==> dir [/cm/shared/software/GCCcore/6.4.0/lib/gcc/x86_64-pc-linux-gnu/6.4.0]
    arg [-L/cm/shared/software/GCCcore/6.4.0/lib/gcc/x86_64-pc-linux-gnu/6.4.0/../../../../lib64] ==> dir [/cm/shared/software/GCCcore/6.4.0/lib/gcc/x86_64-pc-linux-gnu/6.4.0/../../../../lib64]
    arg [-L/lib/../lib64] ==> dir [/lib/../lib64]
    arg [-L/usr/lib/../lib64] ==> dir [/usr/lib/../lib64]
    arg [-L/cm/shared/software/ncurses/6.0-GCCcore-6.4.0/lib] ==> dir [/cm/shared/software/ncurses/6.0-GCCcore-6.4.0/lib]
    arg [-L/cm/shared/software/GCCcore/6.4.0/lib64] ==> dir [/cm/shared/software/GCCcore/6.4.0/lib64]
    arg [-L/cm/shared/software/GCCcore/6.4.0/lib] ==> dir [/cm/shared/software/GCCcore/6.4.0/lib]
    arg [-L/cm/shared/apps/slurm/current/lib64/slurm] ==> dir [/cm/shared/apps/slurm/current/lib64/slurm]
    arg [-L/cm/shared/apps/slurm/current/lib64] ==> dir [/cm/shared/apps/slurm/current/lib64]
    arg [-L/cm/shared/software/GCCcore/6.4.0/lib/gcc/x86_64-pc-linux-gnu/6.4.0/../../..] ==> dir [/cm/shared/software/GCCcore/6.4.0/lib/gcc/x86_64-pc-linux-gnu/6.4.0/../../..]
    arg [CMakeFiles/cmTC_a0929.dir/CMakeCCompilerABI.c.o] ==> ignore
    arg [-lgcc] ==> lib [gcc]
    arg [--as-needed] ==> ignore
    arg [-lgcc_s] ==> lib [gcc_s]
    arg [--no-as-needed] ==> ignore
    arg [-lc] ==> lib [c]
    arg [-lgcc] ==> lib [gcc]
    arg [--as-needed] ==> ignore
    arg [-lgcc_s] ==> lib [gcc_s]
    arg [--no-as-needed] ==> ignore
    arg [/cm/shared/software/GCCcore/6.4.0/lib/gcc/x86_64-pc-linux-gnu/6.4.0/crtend.o] ==> ignore
    arg [/lib/../lib64/crtn.o] ==> ignore
  collapse library dir [/cm/shared/software/GCCcore/6.4.0/lib64/../lib64] ==> [/cm/shared/software/GCCcore/6.4.0/lib64]
  collapse library dir [/cm/shared/software/GCCcore/6.4.0/lib/../lib64] ==> [/cm/shared/software/GCCcore/6.4.0/lib64]
  collapse library dir [/cm/shared/apps/slurm/current/lib64/../lib64] ==> [/cm/shared/apps/slurm/current/lib64]
  collapse library dir [/cm/shared/software/GCCcore/6.4.0/lib/gcc/x86_64-pc-linux-gnu/6.4.0] ==> [/cm/shared/software/GCCcore/6.4.0/lib/gcc/x86_64-pc-linux-gnu/6.4.0]
  collapse library dir [/cm/shared/software/GCCcore/6.4.0/lib/gcc/x86_64-pc-linux-gnu/6.4.0/../../../../lib64] ==> [/cm/shared/software/GCCcore/6.4.0/lib64]
  collapse library dir [/lib/../lib64] ==> [/lib64]
  collapse library dir [/usr/lib/../lib64] ==> [/usr/lib64]
  collapse library dir [/cm/shared/software/ncurses/6.0-GCCcore-6.4.0/lib] ==> [/cm/shared/software/ncurses/6.0-GCCcore-6.4.0/lib]
  collapse library dir [/cm/shared/software/GCCcore/6.4.0/lib64] ==> [/cm/shared/software/GCCcore/6.4.0/lib64]
  collapse library dir [/cm/shared/software/GCCcore/6.4.0/lib] ==> [/cm/shared/software/GCCcore/6.4.0/lib]
  collapse library dir [/cm/shared/apps/slurm/current/lib64/slurm] ==> [/cm/shared/apps/slurm/current/lib64/slurm]
  collapse library dir [/cm/shared/apps/slurm/current/lib64] ==> [/cm/shared/apps/slurm/current/lib64]
  collapse library dir [/cm/shared/software/GCCcore/6.4.0/lib/gcc/x86_64-pc-linux-gnu/6.4.0/../../..] ==> [/cm/shared/software/GCCcore/6.4.0/lib]
  implicit libs: [gcc;gcc_s;c;gcc;gcc_s]
  implicit dirs: [/cm/shared/software/GCCcore/6.4.0/lib64;/cm/shared/apps/slurm/current/lib64;/cm/shared/software/GCCcore/6.4.0/lib/gcc/x86_64-pc-linux-gnu/6.4.0;/lib64;/usr/lib64;/cm/shared/software/ncurses/6.0-GCCcore-6.4.0/lib;/cm/shared/software/GCCcore/6.4.0/lib;/cm/shared/apps/slurm/current/lib64/slurm]
  implicit fwks: []




Detecting C [-std=c11] compiler features compiled with the following output:
Change Dir: /home/khnguy22/RAVEN/raven-parcs/raven_latest/ravenframework/contrib/PythonFMU/pythonfmu/pythonfmu-export/build/CMakeFiles/CMakeTmp

Run Build Command:"/usr/bin/gmake" "cmTC_74309/fast"
/usr/bin/gmake -f CMakeFiles/cmTC_74309.dir/build.make CMakeFiles/cmTC_74309.dir/build
gmake[1]: Entering directory `/home/khnguy22/RAVEN/raven-parcs/raven_latest/ravenframework/contrib/PythonFMU/pythonfmu/pythonfmu-export/build/CMakeFiles/CMakeTmp'
Building C object CMakeFiles/cmTC_74309.dir/feature_tests.c.o
/cm/shared/software/GCCcore/6.4.0/bin/gcc   -std=c11 -o CMakeFiles/cmTC_74309.dir/feature_tests.c.o   -c /home/khnguy22/RAVEN/raven-parcs/raven_latest/ravenframework/contrib/PythonFMU/pythonfmu/pythonfmu-export/build/CMakeFiles/feature_tests.c
Linking C executable cmTC_74309
/cm/shared/software/CMake/3.10.2-GCCcore-6.4.0/bin/cmake -E cmake_link_script CMakeFiles/cmTC_74309.dir/link.txt --verbose=1
/cm/shared/software/GCCcore/6.4.0/bin/gcc      CMakeFiles/cmTC_74309.dir/feature_tests.c.o  -o cmTC_74309 
gmake[1]: Leaving directory `/home/khnguy22/RAVEN/raven-parcs/raven_latest/ravenframework/contrib/PythonFMU/pythonfmu/pythonfmu-export/build/CMakeFiles/CMakeTmp'


    Feature record: C_FEATURE:1c_function_prototypes
    Feature record: C_FEATURE:1c_restrict
    Feature record: C_FEATURE:1c_static_assert
    Feature record: C_FEATURE:1c_variadic_macros


Detecting C [-std=c99] compiler features compiled with the following output:
Change Dir: /home/khnguy22/RAVEN/raven-parcs/raven_latest/ravenframework/contrib/PythonFMU/pythonfmu/pythonfmu-export/build/CMakeFiles/CMakeTmp

Run Build Command:"/usr/bin/gmake" "cmTC_ba139/fast"
/usr/bin/gmake -f CMakeFiles/cmTC_ba139.dir/build.make CMakeFiles/cmTC_ba139.dir/build
gmake[1]: Entering directory `/home/khnguy22/RAVEN/raven-parcs/raven_latest/ravenframework/contrib/PythonFMU/pythonfmu/pythonfmu-export/build/CMakeFiles/CMakeTmp'
Building C object CMakeFiles/cmTC_ba139.dir/feature_tests.c.o
/cm/shared/software/GCCcore/6.4.0/bin/gcc   -std=c99 -o CMakeFiles/cmTC_ba139.dir/feature_tests.c.o   -c /home/khnguy22/RAVEN/raven-parcs/raven_latest/ravenframework/contrib/PythonFMU/pythonfmu/pythonfmu-export/build/CMakeFiles/feature_tests.c
Linking C executable cmTC_ba139
/cm/shared/software/CMake/3.10.2-GCCcore-6.4.0/bin/cmake -E cmake_link_script CMakeFiles/cmTC_ba139.dir/link.txt --verbose=1
/cm/shared/software/GCCcore/6.4.0/bin/gcc      CMakeFiles/cmTC_ba139.dir/feature_tests.c.o  -o cmTC_ba139 
gmake[1]: Leaving directory `/home/khnguy22/RAVEN/raven-parcs/raven_latest/ravenframework/contrib/PythonFMU/pythonfmu/pythonfmu-export/build/CMakeFiles/CMakeTmp'


    Feature record: C_FEATURE:1c_function_prototypes
    Feature record: C_FEATURE:1c_restrict
    Feature record: C_FEATURE:0c_static_assert
    Feature record: C_FEATURE:1c_variadic_macros


Detecting C [-std=c90] compiler features compiled with the following output:
Change Dir: /home/khnguy22/RAVEN/raven-parcs/raven_latest/ravenframework/contrib/PythonFMU/pythonfmu/pythonfmu-export/build/CMakeFiles/CMakeTmp

Run Build Command:"/usr/bin/gmake" "cmTC_4264a/fast"
/usr/bin/gmake -f CMakeFiles/cmTC_4264a.dir/build.make CMakeFiles/cmTC_4264a.dir/build
gmake[1]: Entering directory `/home/khnguy22/RAVEN/raven-parcs/raven_latest/ravenframework/contrib/PythonFMU/pythonfmu/pythonfmu-export/build/CMakeFiles/CMakeTmp'
Building C object CMakeFiles/cmTC_4264a.dir/feature_tests.c.o
/cm/shared/software/GCCcore/6.4.0/bin/gcc   -std=c90 -o CMakeFiles/cmTC_4264a.dir/feature_tests.c.o   -c /home/khnguy22/RAVEN/raven-parcs/raven_latest/ravenframework/contrib/PythonFMU/pythonfmu/pythonfmu-export/build/CMakeFiles/feature_tests.c
Linking C executable cmTC_4264a
/cm/shared/software/CMake/3.10.2-GCCcore-6.4.0/bin/cmake -E cmake_link_script CMakeFiles/cmTC_4264a.dir/link.txt --verbose=1
/cm/shared/software/GCCcore/6.4.0/bin/gcc      CMakeFiles/cmTC_4264a.dir/feature_tests.c.o  -o cmTC_4264a 
gmake[1]: Leaving directory `/home/khnguy22/RAVEN/raven-parcs/raven_latest/ravenframework/contrib/PythonFMU/pythonfmu/pythonfmu-export/build/CMakeFiles/CMakeTmp'


    Feature record: C_FEATURE:1c_function_prototypes
    Feature record: C_FEATURE:0c_restrict
    Feature record: C_FEATURE:0c_static_assert
    Feature record: C_FEATURE:0c_variadic_macros
Determining if the CXX compiler works passed with the following output:
Change Dir: /home/khnguy22/RAVEN/raven-parcs/raven_latest/ravenframework/contrib/PythonFMU/pythonfmu/pythonfmu-export/build/CMakeFiles/CMakeTmp

Run Build Command:"/usr/bin/gmake" "cmTC_6637e/fast"
/usr/bin/gmake -f CMakeFiles/cmTC_6637e.dir/build.make CMakeFiles/cmTC_6637e.dir/build
gmake[1]: Entering directory `/home/khnguy22/RAVEN/raven-parcs/raven_latest/ravenframework/contrib/PythonFMU/pythonfmu/pythonfmu-export/build/CMakeFiles/CMakeTmp'
Building CXX object CMakeFiles/cmTC_6637e.dir/testCXXCompiler.cxx.o
/cm/shared/software/GCCcore/6.4.0/bin/g++     -o CMakeFiles/cmTC_6637e.dir/testCXXCompiler.cxx.o -c /home/khnguy22/RAVEN/raven-parcs/raven_latest/ravenframework/contrib/PythonFMU/pythonfmu/pythonfmu-export/build/CMakeFiles/CMakeTmp/testCXXCompiler.cxx
Linking CXX executable cmTC_6637e
/cm/shared/software/CMake/3.10.2-GCCcore-6.4.0/bin/cmake -E cmake_link_script CMakeFiles/cmTC_6637e.dir/link.txt --verbose=1
/cm/shared/software/GCCcore/6.4.0/bin/g++       CMakeFiles/cmTC_6637e.dir/testCXXCompiler.cxx.o  -o cmTC_6637e 
gmake[1]: Leaving directory `/home/khnguy22/RAVEN/raven-parcs/raven_latest/ravenframework/contrib/PythonFMU/pythonfmu/pythonfmu-export/build/CMakeFiles/CMakeTmp'


Detecting CXX compiler ABI info compiled with the following output:
Change Dir: /home/khnguy22/RAVEN/raven-parcs/raven_latest/ravenframework/contrib/PythonFMU/pythonfmu/pythonfmu-export/build/CMakeFiles/CMakeTmp

Run Build Command:"/usr/bin/gmake" "cmTC_246a9/fast"
/usr/bin/gmake -f CMakeFiles/cmTC_246a9.dir/build.make CMakeFiles/cmTC_246a9.dir/build
gmake[1]: Entering directory `/home/khnguy22/RAVEN/raven-parcs/raven_latest/ravenframework/contrib/PythonFMU/pythonfmu/pythonfmu-export/build/CMakeFiles/CMakeTmp'
Building CXX object CMakeFiles/cmTC_246a9.dir/CMakeCXXCompilerABI.cpp.o
/cm/shared/software/GCCcore/6.4.0/bin/g++     -o CMakeFiles/cmTC_246a9.dir/CMakeCXXCompilerABI.cpp.o -c /cm/shared/software/CMake/3.10.2-GCCcore-6.4.0/share/cmake-3.10/Modules/CMakeCXXCompilerABI.cpp
Linking CXX executable cmTC_246a9
/cm/shared/software/CMake/3.10.2-GCCcore-6.4.0/bin/cmake -E cmake_link_script CMakeFiles/cmTC_246a9.dir/link.txt --verbose=1
/cm/shared/software/GCCcore/6.4.0/bin/g++      -v CMakeFiles/cmTC_246a9.dir/CMakeCXXCompilerABI.cpp.o  -o cmTC_246a9 
Using built-in specs.
COLLECT_GCC=/cm/shared/software/GCCcore/6.4.0/bin/g++
COLLECT_LTO_WRAPPER=/cm/shared/software/GCCcore/6.4.0/libexec/gcc/x86_64-pc-linux-gnu/6.4.0/lto-wrapper
Target: x86_64-pc-linux-gnu
Configured with: ../configure --enable-languages=c,c++,fortran --enable-lto --enable-checking=release --disable-multilib --enable-shared=yes --enable-static=yes --enable-threads=posix --enable-gold=default --enable-plugins --enable-ld --with-plugin-ld=ld.gold --prefix=/cm/shared/software/GCCcore/6.4.0 --with-local-prefix=/cm/shared/software/GCCcore/6.4.0 --enable-bootstrap --with-isl=/home/pbalest/.local/easybuild/build/GCCcore/6.4.0/dummy-/gcc-6.4.0/stage2_stuff
Thread model: posix
gcc version 6.4.0 (GCC) 
COMPILER_PATH=/cm/shared/software/GCCcore/6.4.0/libexec/gcc/x86_64-pc-linux-gnu/6.4.0/:/cm/shared/software/GCCcore/6.4.0/libexec/gcc/x86_64-pc-linux-gnu/6.4.0/:/cm/shared/software/GCCcore/6.4.0/libexec/gcc/x86_64-pc-linux-gnu/:/cm/shared/software/GCCcore/6.4.0/lib/gcc/x86_64-pc-linux-gnu/6.4.0/:/cm/shared/software/GCCcore/6.4.0/lib/gcc/x86_64-pc-linux-gnu/
LIBRARY_PATH=/cm/shared/software/GCCcore/6.4.0/lib64/../lib64/:/cm/shared/software/GCCcore/6.4.0/lib/../lib64/:/cm/shared/apps/slurm/current/lib64/../lib64/:/cm/shared/software/GCCcore/6.4.0/lib/gcc/x86_64-pc-linux-gnu/6.4.0/:/cm/shared/software/GCCcore/6.4.0/lib/gcc/x86_64-pc-linux-gnu/6.4.0/../../../../lib64/:/lib/../lib64/:/usr/lib/../lib64/:/cm/shared/software/ncurses/6.0-GCCcore-6.4.0/lib/:/cm/shared/software/GCCcore/6.4.0/lib64/:/cm/shared/software/GCCcore/6.4.0/lib/:/cm/shared/apps/slurm/current/lib64/slurm/:/cm/shared/apps/slurm/current/lib64/:/cm/shared/software/GCCcore/6.4.0/lib/gcc/x86_64-pc-linux-gnu/6.4.0/../../../:/lib/:/usr/lib/
COLLECT_GCC_OPTIONS='-v' '-o' 'cmTC_246a9' '-shared-libgcc' '-mtune=generic' '-march=x86-64'
 /cm/shared/software/GCCcore/6.4.0/libexec/gcc/x86_64-pc-linux-gnu/6.4.0/collect2 -plugin /cm/shared/software/GCCcore/6.4.0/libexec/gcc/x86_64-pc-linux-gnu/6.4.0/liblto_plugin.so -plugin-opt=/cm/shared/software/GCCcore/6.4.0/libexec/gcc/x86_64-pc-linux-gnu/6.4.0/lto-wrapper -plugin-opt=-fresolution=/tmp/cclEPYKo.res -plugin-opt=-pass-through=-lgcc_s -plugin-opt=-pass-through=-lgcc -plugin-opt=-pass-through=-lc -plugin-opt=-pass-through=-lgcc_s -plugin-opt=-pass-through=-lgcc --eh-frame-hdr -m elf_x86_64 -dynamic-linker /lib64/ld-linux-x86-64.so.2 -o cmTC_246a9 /lib/../lib64/crt1.o /lib/../lib64/crti.o /cm/shared/software/GCCcore/6.4.0/lib/gcc/x86_64-pc-linux-gnu/6.4.0/crtbegin.o -L/cm/shared/software/GCCcore/6.4.0/lib64/../lib64 -L/cm/shared/software/GCCcore/6.4.0/lib/../lib64 -L/cm/shared/apps/slurm/current/lib64/../lib64 -L/cm/shared/software/GCCcore/6.4.0/lib/gcc/x86_64-pc-linux-gnu/6.4.0 -L/cm/shared/software/GCCcore/6.4.0/lib/gcc/x86_64-pc-linux-gnu/6.4.0/../../../../lib64 -L/lib/../lib64 -L/usr/lib/../lib64 -L/cm/shared/software/ncurses/6.0-GCCcore-6.4.0/lib -L/cm/shared/software/GCCcore/6.4.0/lib64 -L/cm/shared/software/GCCcore/6.4.0/lib -L/cm/shared/apps/slurm/current/lib64/slurm -L/cm/shared/apps/slurm/current/lib64 -L/cm/shared/software/GCCcore/6.4.0/lib/gcc/x86_64-pc-linux-gnu/6.4.0/../../.. CMakeFiles/cmTC_246a9.dir/CMakeCXXCompilerABI.cpp.o -lstdc++ -lm -lgcc_s -lgcc -lc -lgcc_s -lgcc /cm/shared/software/GCCcore/6.4.0/lib/gcc/x86_64-pc-linux-gnu/6.4.0/crtend.o /lib/../lib64/crtn.o
COLLECT_GCC_OPTIONS='-v' '-o' 'cmTC_246a9' '-shared-libgcc' '-mtune=generic' '-march=x86-64'
gmake[1]: Leaving directory `/home/khnguy22/RAVEN/raven-parcs/raven_latest/ravenframework/contrib/PythonFMU/pythonfmu/pythonfmu-export/build/CMakeFiles/CMakeTmp'


Parsed CXX implicit link information from above output:
  link line regex: [^( *|.*[/\])(ld|CMAKE_LINK_STARTFILE-NOTFOUND|([^/\]+-)?ld|collect2)[^/\]*( |$)]
  ignore line: [Change Dir: /home/khnguy22/RAVEN/raven-parcs/raven_latest/ravenframework/contrib/PythonFMU/pythonfmu/pythonfmu-export/build/CMakeFiles/CMakeTmp]
  ignore line: []
  ignore line: [Run Build Command:"/usr/bin/gmake" "cmTC_246a9/fast"]
  ignore line: [/usr/bin/gmake -f CMakeFiles/cmTC_246a9.dir/build.make CMakeFiles/cmTC_246a9.dir/build]
  ignore line: [gmake[1]: Entering directory `/home/khnguy22/RAVEN/raven-parcs/raven_latest/ravenframework/contrib/PythonFMU/pythonfmu/pythonfmu-export/build/CMakeFiles/CMakeTmp']
  ignore line: [Building CXX object CMakeFiles/cmTC_246a9.dir/CMakeCXXCompilerABI.cpp.o]
  ignore line: [/cm/shared/software/GCCcore/6.4.0/bin/g++     -o CMakeFiles/cmTC_246a9.dir/CMakeCXXCompilerABI.cpp.o -c /cm/shared/software/CMake/3.10.2-GCCcore-6.4.0/share/cmake-3.10/Modules/CMakeCXXCompilerABI.cpp]
  ignore line: [Linking CXX executable cmTC_246a9]
  ignore line: [/cm/shared/software/CMake/3.10.2-GCCcore-6.4.0/bin/cmake -E cmake_link_script CMakeFiles/cmTC_246a9.dir/link.txt --verbose=1]
  ignore line: [/cm/shared/software/GCCcore/6.4.0/bin/g++      -v CMakeFiles/cmTC_246a9.dir/CMakeCXXCompilerABI.cpp.o  -o cmTC_246a9 ]
  ignore line: [Using built-in specs.]
  ignore line: [COLLECT_GCC=/cm/shared/software/GCCcore/6.4.0/bin/g++]
  ignore line: [COLLECT_LTO_WRAPPER=/cm/shared/software/GCCcore/6.4.0/libexec/gcc/x86_64-pc-linux-gnu/6.4.0/lto-wrapper]
  ignore line: [Target: x86_64-pc-linux-gnu]
  ignore line: [Configured with: ../configure --enable-languages=c,c++,fortran --enable-lto --enable-checking=release --disable-multilib --enable-shared=yes --enable-static=yes --enable-threads=posix --enable-gold=default --enable-plugins --enable-ld --with-plugin-ld=ld.gold --prefix=/cm/shared/software/GCCcore/6.4.0 --with-local-prefix=/cm/shared/software/GCCcore/6.4.0 --enable-bootstrap --with-isl=/home/pbalest/.local/easybuild/build/GCCcore/6.4.0/dummy-/gcc-6.4.0/stage2_stuff]
  ignore line: [Thread model: posix]
  ignore line: [gcc version 6.4.0 (GCC) ]
  ignore line: [COMPILER_PATH=/cm/shared/software/GCCcore/6.4.0/libexec/gcc/x86_64-pc-linux-gnu/6.4.0/:/cm/shared/software/GCCcore/6.4.0/libexec/gcc/x86_64-pc-linux-gnu/6.4.0/:/cm/shared/software/GCCcore/6.4.0/libexec/gcc/x86_64-pc-linux-gnu/:/cm/shared/software/GCCcore/6.4.0/lib/gcc/x86_64-pc-linux-gnu/6.4.0/:/cm/shared/software/GCCcore/6.4.0/lib/gcc/x86_64-pc-linux-gnu/]
  ignore line: [LIBRARY_PATH=/cm/shared/software/GCCcore/6.4.0/lib64/../lib64/:/cm/shared/software/GCCcore/6.4.0/lib/../lib64/:/cm/shared/apps/slurm/current/lib64/../lib64/:/cm/shared/software/GCCcore/6.4.0/lib/gcc/x86_64-pc-linux-gnu/6.4.0/:/cm/shared/software/GCCcore/6.4.0/lib/gcc/x86_64-pc-linux-gnu/6.4.0/../../../../lib64/:/lib/../lib64/:/usr/lib/../lib64/:/cm/shared/software/ncurses/6.0-GCCcore-6.4.0/lib/:/cm/shared/software/GCCcore/6.4.0/lib64/:/cm/shared/software/GCCcore/6.4.0/lib/:/cm/shared/apps/slurm/current/lib64/slurm/:/cm/shared/apps/slurm/current/lib64/:/cm/shared/software/GCCcore/6.4.0/lib/gcc/x86_64-pc-linux-gnu/6.4.0/../../../:/lib/:/usr/lib/]
  ignore line: [COLLECT_GCC_OPTIONS='-v' '-o' 'cmTC_246a9' '-shared-libgcc' '-mtune=generic' '-march=x86-64']
  link line: [ /cm/shared/software/GCCcore/6.4.0/libexec/gcc/x86_64-pc-linux-gnu/6.4.0/collect2 -plugin /cm/shared/software/GCCcore/6.4.0/libexec/gcc/x86_64-pc-linux-gnu/6.4.0/liblto_plugin.so -plugin-opt=/cm/shared/software/GCCcore/6.4.0/libexec/gcc/x86_64-pc-linux-gnu/6.4.0/lto-wrapper -plugin-opt=-fresolution=/tmp/cclEPYKo.res -plugin-opt=-pass-through=-lgcc_s -plugin-opt=-pass-through=-lgcc -plugin-opt=-pass-through=-lc -plugin-opt=-pass-through=-lgcc_s -plugin-opt=-pass-through=-lgcc --eh-frame-hdr -m elf_x86_64 -dynamic-linker /lib64/ld-linux-x86-64.so.2 -o cmTC_246a9 /lib/../lib64/crt1.o /lib/../lib64/crti.o /cm/shared/software/GCCcore/6.4.0/lib/gcc/x86_64-pc-linux-gnu/6.4.0/crtbegin.o -L/cm/shared/software/GCCcore/6.4.0/lib64/../lib64 -L/cm/shared/software/GCCcore/6.4.0/lib/../lib64 -L/cm/shared/apps/slurm/current/lib64/../lib64 -L/cm/shared/software/GCCcore/6.4.0/lib/gcc/x86_64-pc-linux-gnu/6.4.0 -L/cm/shared/software/GCCcore/6.4.0/lib/gcc/x86_64-pc-linux-gnu/6.4.0/../../../../lib64 -L/lib/../lib64 -L/usr/lib/../lib64 -L/cm/shared/software/ncurses/6.0-GCCcore-6.4.0/lib -L/cm/shared/software/GCCcore/6.4.0/lib64 -L/cm/shared/software/GCCcore/6.4.0/lib -L/cm/shared/apps/slurm/current/lib64/slurm -L/cm/shared/apps/slurm/current/lib64 -L/cm/shared/software/GCCcore/6.4.0/lib/gcc/x86_64-pc-linux-gnu/6.4.0/../../.. CMakeFiles/cmTC_246a9.dir/CMakeCXXCompilerABI.cpp.o -lstdc++ -lm -lgcc_s -lgcc -lc -lgcc_s -lgcc /cm/shared/software/GCCcore/6.4.0/lib/gcc/x86_64-pc-linux-gnu/6.4.0/crtend.o /lib/../lib64/crtn.o]
    arg [/cm/shared/software/GCCcore/6.4.0/libexec/gcc/x86_64-pc-linux-gnu/6.4.0/collect2] ==> ignore
    arg [-plugin] ==> ignore
    arg [/cm/shared/software/GCCcore/6.4.0/libexec/gcc/x86_64-pc-linux-gnu/6.4.0/liblto_plugin.so] ==> ignore
    arg [-plugin-opt=/cm/shared/software/GCCcore/6.4.0/libexec/gcc/x86_64-pc-linux-gnu/6.4.0/lto-wrapper] ==> ignore
    arg [-plugin-opt=-fresolution=/tmp/cclEPYKo.res] ==> ignore
    arg [-plugin-opt=-pass-through=-lgcc_s] ==> ignore
    arg [-plugin-opt=-pass-through=-lgcc] ==> ignore
    arg [-plugin-opt=-pass-through=-lc] ==> ignore
    arg [-plugin-opt=-pass-through=-lgcc_s] ==> ignore
    arg [-plugin-opt=-pass-through=-lgcc] ==> ignore
    arg [--eh-frame-hdr] ==> ignore
    arg [-m] ==> ignore
    arg [elf_x86_64] ==> ignore
    arg [-dynamic-linker] ==> ignore
    arg [/lib64/ld-linux-x86-64.so.2] ==> ignore
    arg [-o] ==> ignore
    arg [cmTC_246a9] ==> ignore
    arg [/lib/../lib64/crt1.o] ==> ignore
    arg [/lib/../lib64/crti.o] ==> ignore
    arg [/cm/shared/software/GCCcore/6.4.0/lib/gcc/x86_64-pc-linux-gnu/6.4.0/crtbegin.o] ==> ignore
    arg [-L/cm/shared/software/GCCcore/6.4.0/lib64/../lib64] ==> dir [/cm/shared/software/GCCcore/6.4.0/lib64/../lib64]
    arg [-L/cm/shared/software/GCCcore/6.4.0/lib/../lib64] ==> dir [/cm/shared/software/GCCcore/6.4.0/lib/../lib64]
    arg [-L/cm/shared/apps/slurm/current/lib64/../lib64] ==> dir [/cm/shared/apps/slurm/current/lib64/../lib64]
    arg [-L/cm/shared/software/GCCcore/6.4.0/lib/gcc/x86_64-pc-linux-gnu/6.4.0] ==> dir [/cm/shared/software/GCCcore/6.4.0/lib/gcc/x86_64-pc-linux-gnu/6.4.0]
    arg [-L/cm/shared/software/GCCcore/6.4.0/lib/gcc/x86_64-pc-linux-gnu/6.4.0/../../../../lib64] ==> dir [/cm/shared/software/GCCcore/6.4.0/lib/gcc/x86_64-pc-linux-gnu/6.4.0/../../../../lib64]
    arg [-L/lib/../lib64] ==> dir [/lib/../lib64]
    arg [-L/usr/lib/../lib64] ==> dir [/usr/lib/../lib64]
    arg [-L/cm/shared/software/ncurses/6.0-GCCcore-6.4.0/lib] ==> dir [/cm/shared/software/ncurses/6.0-GCCcore-6.4.0/lib]
    arg [-L/cm/shared/software/GCCcore/6.4.0/lib64] ==> dir [/cm/shared/software/GCCcore/6.4.0/lib64]
    arg [-L/cm/shared/software/GCCcore/6.4.0/lib] ==> dir [/cm/shared/software/GCCcore/6.4.0/lib]
    arg [-L/cm/shared/apps/slurm/current/lib64/slurm] ==> dir [/cm/shared/apps/slurm/current/lib64/slurm]
    arg [-L/cm/shared/apps/slurm/current/lib64] ==> dir [/cm/shared/apps/slurm/current/lib64]
    arg [-L/cm/shared/software/GCCcore/6.4.0/lib/gcc/x86_64-pc-linux-gnu/6.4.0/../../..] ==> dir [/cm/shared/software/GCCcore/6.4.0/lib/gcc/x86_64-pc-linux-gnu/6.4.0/../../..]
    arg [CMakeFiles/cmTC_246a9.dir/CMakeCXXCompilerABI.cpp.o] ==> ignore
    arg [-lstdc++] ==> lib [stdc++]
    arg [-lm] ==> lib [m]
    arg [-lgcc_s] ==> lib [gcc_s]
    arg [-lgcc] ==> lib [gcc]
    arg [-lc] ==> lib [c]
    arg [-lgcc_s] ==> lib [gcc_s]
    arg [-lgcc] ==> lib [gcc]
    arg [/cm/shared/software/GCCcore/6.4.0/lib/gcc/x86_64-pc-linux-gnu/6.4.0/crtend.o] ==> ignore
    arg [/lib/../lib64/crtn.o] ==> ignore
  collapse library dir [/cm/shared/software/GCCcore/6.4.0/lib64/../lib64] ==> [/cm/shared/software/GCCcore/6.4.0/lib64]
  collapse library dir [/cm/shared/software/GCCcore/6.4.0/lib/../lib64] ==> [/cm/shared/software/GCCcore/6.4.0/lib64]
  collapse library dir [/cm/shared/apps/slurm/current/lib64/../lib64] ==> [/cm/shared/apps/slurm/current/lib64]
  collapse library dir [/cm/shared/software/GCCcore/6.4.0/lib/gcc/x86_64-pc-linux-gnu/6.4.0] ==> [/cm/shared/software/GCCcore/6.4.0/lib/gcc/x86_64-pc-linux-gnu/6.4.0]
  collapse library dir [/cm/shared/software/GCCcore/6.4.0/lib/gcc/x86_64-pc-linux-gnu/6.4.0/../../../../lib64] ==> [/cm/shared/software/GCCcore/6.4.0/lib64]
  collapse library dir [/lib/../lib64] ==> [/lib64]
  collapse library dir [/usr/lib/../lib64] ==> [/usr/lib64]
  collapse library dir [/cm/shared/software/ncurses/6.0-GCCcore-6.4.0/lib] ==> [/cm/shared/software/ncurses/6.0-GCCcore-6.4.0/lib]
  collapse library dir [/cm/shared/software/GCCcore/6.4.0/lib64] ==> [/cm/shared/software/GCCcore/6.4.0/lib64]
  collapse library dir [/cm/shared/software/GCCcore/6.4.0/lib] ==> [/cm/shared/software/GCCcore/6.4.0/lib]
  collapse library dir [/cm/shared/apps/slurm/current/lib64/slurm] ==> [/cm/shared/apps/slurm/current/lib64/slurm]
  collapse library dir [/cm/shared/apps/slurm/current/lib64] ==> [/cm/shared/apps/slurm/current/lib64]
  collapse library dir [/cm/shared/software/GCCcore/6.4.0/lib/gcc/x86_64-pc-linux-gnu/6.4.0/../../..] ==> [/cm/shared/software/GCCcore/6.4.0/lib]
  implicit libs: [stdc++;m;gcc_s;gcc;c;gcc_s;gcc]
  implicit dirs: [/cm/shared/software/GCCcore/6.4.0/lib64;/cm/shared/apps/slurm/current/lib64;/cm/shared/software/GCCcore/6.4.0/lib/gcc/x86_64-pc-linux-gnu/6.4.0;/lib64;/usr/lib64;/cm/shared/software/ncurses/6.0-GCCcore-6.4.0/lib;/cm/shared/software/GCCcore/6.4.0/lib;/cm/shared/apps/slurm/current/lib64/slurm]
  implicit fwks: []




Detecting CXX [-std=c++1z] compiler features compiled with the following output:
Change Dir: /home/khnguy22/RAVEN/raven-parcs/raven_latest/ravenframework/contrib/PythonFMU/pythonfmu/pythonfmu-export/build/CMakeFiles/CMakeTmp

Run Build Command:"/usr/bin/gmake" "cmTC_618ab/fast"
/usr/bin/gmake -f CMakeFiles/cmTC_618ab.dir/build.make CMakeFiles/cmTC_618ab.dir/build
gmake[1]: Entering directory `/home/khnguy22/RAVEN/raven-parcs/raven_latest/ravenframework/contrib/PythonFMU/pythonfmu/pythonfmu-export/build/CMakeFiles/CMakeTmp'
Building CXX object CMakeFiles/cmTC_618ab.dir/feature_tests.cxx.o
/cm/shared/software/GCCcore/6.4.0/bin/g++    -std=c++1z -o CMakeFiles/cmTC_618ab.dir/feature_tests.cxx.o -c /home/khnguy22/RAVEN/raven-parcs/raven_latest/ravenframework/contrib/PythonFMU/pythonfmu/pythonfmu-export/build/CMakeFiles/feature_tests.cxx
Linking CXX executable cmTC_618ab
/cm/shared/software/CMake/3.10.2-GCCcore-6.4.0/bin/cmake -E cmake_link_script CMakeFiles/cmTC_618ab.dir/link.txt --verbose=1
/cm/shared/software/GCCcore/6.4.0/bin/g++       CMakeFiles/cmTC_618ab.dir/feature_tests.cxx.o  -o cmTC_618ab 
gmake[1]: Leaving directory `/home/khnguy22/RAVEN/raven-parcs/raven_latest/ravenframework/contrib/PythonFMU/pythonfmu/pythonfmu-export/build/CMakeFiles/CMakeTmp'


    Feature record: CXX_FEATURE:1cxx_aggregate_default_initializers
    Feature record: CXX_FEATURE:1cxx_alias_templates
    Feature record: CXX_FEATURE:1cxx_alignas
    Feature record: CXX_FEATURE:1cxx_alignof
    Feature record: CXX_FEATURE:1cxx_attributes
    Feature record: CXX_FEATURE:1cxx_attribute_deprecated
    Feature record: CXX_FEATURE:1cxx_auto_type
    Feature record: CXX_FEATURE:1cxx_binary_literals
    Feature record: CXX_FEATURE:1cxx_constexpr
    Feature record: CXX_FEATURE:1cxx_contextual_conversions
    Feature record: CXX_FEATURE:1cxx_decltype
    Feature record: CXX_FEATURE:1cxx_decltype_auto
    Feature record: CXX_FEATURE:1cxx_decltype_incomplete_return_types
    Feature record: CXX_FEATURE:1cxx_default_function_template_args
    Feature record: CXX_FEATURE:1cxx_defaulted_functions
    Feature record: CXX_FEATURE:1cxx_defaulted_move_initializers
    Feature record: CXX_FEATURE:1cxx_delegating_constructors
    Feature record: CXX_FEATURE:1cxx_deleted_functions
    Feature record: CXX_FEATURE:1cxx_digit_separators
    Feature record: CXX_FEATURE:1cxx_enum_forward_declarations
    Feature record: CXX_FEATURE:1cxx_explicit_conversions
    Feature record: CXX_FEATURE:1cxx_extended_friend_declarations
    Feature record: CXX_FEATURE:1cxx_extern_templates
    Feature record: CXX_FEATURE:1cxx_final
    Feature record: CXX_FEATURE:1cxx_func_identifier
    Feature record: CXX_FEATURE:1cxx_generalized_initializers
    Feature record: CXX_FEATURE:1cxx_generic_lambdas
    Feature record: CXX_FEATURE:1cxx_inheriting_constructors
    Feature record: CXX_FEATURE:1cxx_inline_namespaces
    Feature record: CXX_FEATURE:1cxx_lambdas
    Feature record: CXX_FEATURE:1cxx_lambda_init_captures
    Feature record: CXX_FEATURE:1cxx_local_type_template_args
    Feature record: CXX_FEATURE:1cxx_long_long_type
    Feature record: CXX_FEATURE:1cxx_noexcept
    Feature record: CXX_FEATURE:1cxx_nonstatic_member_init
    Feature record: CXX_FEATURE:1cxx_nullptr
    Feature record: CXX_FEATURE:1cxx_override
    Feature record: CXX_FEATURE:1cxx_range_for
    Feature record: CXX_FEATURE:1cxx_raw_string_literals
    Feature record: CXX_FEATURE:1cxx_reference_qualified_functions
    Feature record: CXX_FEATURE:1cxx_relaxed_constexpr
    Feature record: CXX_FEATURE:1cxx_return_type_deduction
    Feature record: CXX_FEATURE:1cxx_right_angle_brackets
    Feature record: CXX_FEATURE:1cxx_rvalue_references
    Feature record: CXX_FEATURE:1cxx_sizeof_member
    Feature record: CXX_FEATURE:1cxx_static_assert
    Feature record: CXX_FEATURE:1cxx_strong_enums
    Feature record: CXX_FEATURE:1cxx_template_template_parameters
    Feature record: CXX_FEATURE:1cxx_thread_local
    Feature record: CXX_FEATURE:1cxx_trailing_return_types
    Feature record: CXX_FEATURE:1cxx_unicode_literals
    Feature record: CXX_FEATURE:1cxx_uniform_initialization
    Feature record: CXX_FEATURE:1cxx_unrestricted_unions
    Feature record: CXX_FEATURE:1cxx_user_literals
    Feature record: CXX_FEATURE:1cxx_variable_templates
    Feature record: CXX_FEATURE:1cxx_variadic_macros
    Feature record: CXX_FEATURE:1cxx_variadic_templates


Detecting CXX [-std=c++14] compiler features compiled with the following output:
Change Dir: /home/khnguy22/RAVEN/raven-parcs/raven_latest/ravenframework/contrib/PythonFMU/pythonfmu/pythonfmu-export/build/CMakeFiles/CMakeTmp

Run Build Command:"/usr/bin/gmake" "cmTC_8c0d6/fast"
/usr/bin/gmake -f CMakeFiles/cmTC_8c0d6.dir/build.make CMakeFiles/cmTC_8c0d6.dir/build
gmake[1]: Entering directory `/home/khnguy22/RAVEN/raven-parcs/raven_latest/ravenframework/contrib/PythonFMU/pythonfmu/pythonfmu-export/build/CMakeFiles/CMakeTmp'
Building CXX object CMakeFiles/cmTC_8c0d6.dir/feature_tests.cxx.o
/cm/shared/software/GCCcore/6.4.0/bin/g++    -std=c++14 -o CMakeFiles/cmTC_8c0d6.dir/feature_tests.cxx.o -c /home/khnguy22/RAVEN/raven-parcs/raven_latest/ravenframework/contrib/PythonFMU/pythonfmu/pythonfmu-export/build/CMakeFiles/feature_tests.cxx
Linking CXX executable cmTC_8c0d6
/cm/shared/software/CMake/3.10.2-GCCcore-6.4.0/bin/cmake -E cmake_link_script CMakeFiles/cmTC_8c0d6.dir/link.txt --verbose=1
/cm/shared/software/GCCcore/6.4.0/bin/g++       CMakeFiles/cmTC_8c0d6.dir/feature_tests.cxx.o  -o cmTC_8c0d6 
gmake[1]: Leaving directory `/home/khnguy22/RAVEN/raven-parcs/raven_latest/ravenframework/contrib/PythonFMU/pythonfmu/pythonfmu-export/build/CMakeFiles/CMakeTmp'


    Feature record: CXX_FEATURE:1cxx_aggregate_default_initializers
    Feature record: CXX_FEATURE:1cxx_alias_templates
    Feature record: CXX_FEATURE:1cxx_alignas
    Feature record: CXX_FEATURE:1cxx_alignof
    Feature record: CXX_FEATURE:1cxx_attributes
    Feature record: CXX_FEATURE:1cxx_attribute_deprecated
    Feature record: CXX_FEATURE:1cxx_auto_type
    Feature record: CXX_FEATURE:1cxx_binary_literals
    Feature record: CXX_FEATURE:1cxx_constexpr
    Feature record: CXX_FEATURE:1cxx_contextual_conversions
    Feature record: CXX_FEATURE:1cxx_decltype
    Feature record: CXX_FEATURE:1cxx_decltype_auto
    Feature record: CXX_FEATURE:1cxx_decltype_incomplete_return_types
    Feature record: CXX_FEATURE:1cxx_default_function_template_args
    Feature record: CXX_FEATURE:1cxx_defaulted_functions
    Feature record: CXX_FEATURE:1cxx_defaulted_move_initializers
    Feature record: CXX_FEATURE:1cxx_delegating_constructors
    Feature record: CXX_FEATURE:1cxx_deleted_functions
    Feature record: CXX_FEATURE:1cxx_digit_separators
    Feature record: CXX_FEATURE:1cxx_enum_forward_declarations
    Feature record: CXX_FEATURE:1cxx_explicit_conversions
    Feature record: CXX_FEATURE:1cxx_extended_friend_declarations
    Feature record: CXX_FEATURE:1cxx_extern_templates
    Feature record: CXX_FEATURE:1cxx_final
    Feature record: CXX_FEATURE:1cxx_func_identifier
    Feature record: CXX_FEATURE:1cxx_generalized_initializers
    Feature record: CXX_FEATURE:1cxx_generic_lambdas
    Feature record: CXX_FEATURE:1cxx_inheriting_constructors
    Feature record: CXX_FEATURE:1cxx_inline_namespaces
    Feature record: CXX_FEATURE:1cxx_lambdas
    Feature record: CXX_FEATURE:1cxx_lambda_init_captures
    Feature record: CXX_FEATURE:1cxx_local_type_template_args
    Feature record: CXX_FEATURE:1cxx_long_long_type
    Feature record: CXX_FEATURE:1cxx_noexcept
    Feature record: CXX_FEATURE:1cxx_nonstatic_member_init
    Feature record: CXX_FEATURE:1cxx_nullptr
    Feature record: CXX_FEATURE:1cxx_override
    Feature record: CXX_FEATURE:1cxx_range_for
    Feature record: CXX_FEATURE:1cxx_raw_string_literals
    Feature record: CXX_FEATURE:1cxx_reference_qualified_functions
    Feature record: CXX_FEATURE:1cxx_relaxed_constexpr
    Feature record: CXX_FEATURE:1cxx_return_type_deduction
    Feature record: CXX_FEATURE:1cxx_right_angle_brackets
    Feature record: CXX_FEATURE:1cxx_rvalue_references
    Feature record: CXX_FEATURE:1cxx_sizeof_member
    Feature record: CXX_FEATURE:1cxx_static_assert
    Feature record: CXX_FEATURE:1cxx_strong_enums
    Feature record: CXX_FEATURE:1cxx_template_template_parameters
    Feature record: CXX_FEATURE:1cxx_thread_local
    Feature record: CXX_FEATURE:1cxx_trailing_return_types
    Feature record: CXX_FEATURE:1cxx_unicode_literals
    Feature record: CXX_FEATURE:1cxx_uniform_initialization
    Feature record: CXX_FEATURE:1cxx_unrestricted_unions
    Feature record: CXX_FEATURE:1cxx_user_literals
    Feature record: CXX_FEATURE:1cxx_variable_templates
    Feature record: CXX_FEATURE:1cxx_variadic_macros
    Feature record: CXX_FEATURE:1cxx_variadic_templates


Detecting CXX [-std=c++11] compiler features compiled with the following output:
Change Dir: /home/khnguy22/RAVEN/raven-parcs/raven_latest/ravenframework/contrib/PythonFMU/pythonfmu/pythonfmu-export/build/CMakeFiles/CMakeTmp

Run Build Command:"/usr/bin/gmake" "cmTC_238d3/fast"
/usr/bin/gmake -f CMakeFiles/cmTC_238d3.dir/build.make CMakeFiles/cmTC_238d3.dir/build
gmake[1]: Entering directory `/home/khnguy22/RAVEN/raven-parcs/raven_latest/ravenframework/contrib/PythonFMU/pythonfmu/pythonfmu-export/build/CMakeFiles/CMakeTmp'
Building CXX object CMakeFiles/cmTC_238d3.dir/feature_tests.cxx.o
/cm/shared/software/GCCcore/6.4.0/bin/g++    -std=c++11 -o CMakeFiles/cmTC_238d3.dir/feature_tests.cxx.o -c /home/khnguy22/RAVEN/raven-parcs/raven_latest/ravenframework/contrib/PythonFMU/pythonfmu/pythonfmu-export/build/CMakeFiles/feature_tests.cxx
Linking CXX executable cmTC_238d3
/cm/shared/software/CMake/3.10.2-GCCcore-6.4.0/bin/cmake -E cmake_link_script CMakeFiles/cmTC_238d3.dir/link.txt --verbose=1
/cm/shared/software/GCCcore/6.4.0/bin/g++       CMakeFiles/cmTC_238d3.dir/feature_tests.cxx.o  -o cmTC_238d3 
gmake[1]: Leaving directory `/home/khnguy22/RAVEN/raven-parcs/raven_latest/ravenframework/contrib/PythonFMU/pythonfmu/pythonfmu-export/build/CMakeFiles/CMakeTmp'


    Feature record: CXX_FEATURE:0cxx_aggregate_default_initializers
    Feature record: CXX_FEATURE:1cxx_alias_templates
    Feature record: CXX_FEATURE:1cxx_alignas
    Feature record: CXX_FEATURE:1cxx_alignof
    Feature record: CXX_FEATURE:1cxx_attributes
    Feature record: CXX_FEATURE:0cxx_attribute_deprecated
    Feature record: CXX_FEATURE:1cxx_auto_type
    Feature record: CXX_FEATURE:0cxx_binary_literals
    Feature record: CXX_FEATURE:1cxx_constexpr
    Feature record: CXX_FEATURE:0cxx_contextual_conversions
    Feature record: CXX_FEATURE:1cxx_decltype
    Feature record: CXX_FEATURE:0cxx_decltype_auto
    Feature record: CXX_FEATURE:1cxx_decltype_incomplete_return_types
    Feature record: CXX_FEATURE:1cxx_default_function_template_args
    Feature record: CXX_FEATURE:1cxx_defaulted_functions
    Feature record: CXX_FEATURE:1cxx_defaulted_move_initializers
    Feature record: CXX_FEATURE:1cxx_delegating_constructors
    Feature record: CXX_FEATURE:1cxx_deleted_functions
    Feature record: CXX_FEATURE:0cxx_digit_separators
    Feature record: CXX_FEATURE:1cxx_enum_forward_declarations
    Feature record: CXX_FEATURE:1cxx_explicit_conversions
    Feature record: CXX_FEATURE:1cxx_extended_friend_declarations
    Feature record: CXX_FEATURE:1cxx_extern_templates
    Feature record: CXX_FEATURE:1cxx_final
    Feature record: CXX_FEATURE:1cxx_func_identifier
    Feature record: CXX_FEATURE:1cxx_generalized_initializers
    Feature record: CXX_FEATURE:0cxx_generic_lambdas
    Feature record: CXX_FEATURE:1cxx_inheriting_constructors
    Feature record: CXX_FEATURE:1cxx_inline_namespaces
    Feature record: CXX_FEATURE:1cxx_lambdas
    Feature record: CXX_FEATURE:0cxx_lambda_init_captures
    Feature record: CXX_FEATURE:1cxx_local_type_template_args
    Feature record: CXX_FEATURE:1cxx_long_long_type
    Feature record: CXX_FEATURE:1cxx_noexcept
    Feature record: CXX_FEATURE:1cxx_nonstatic_member_init
    Feature record: CXX_FEATURE:1cxx_nullptr
    Feature record: CXX_FEATURE:1cxx_override
    Feature record: CXX_FEATURE:1cxx_range_for
    Feature record: CXX_FEATURE:1cxx_raw_string_literals
    Feature record: CXX_FEATURE:1cxx_reference_qualified_functions
    Feature record: CXX_FEATURE:0cxx_relaxed_constexpr
    Feature record: CXX_FEATURE:0cxx_return_type_deduction
    Feature record: CXX_FEATURE:1cxx_right_angle_brackets
    Feature record: CXX_FEATURE:1cxx_rvalue_references
    Feature record: CXX_FEATURE:1cxx_sizeof_member
    Feature record: CXX_FEATURE:1cxx_static_assert
    Feature record: CXX_FEATURE:1cxx_strong_enums
    Feature record: CXX_FEATURE:1cxx_template_template_parameters
    Feature record: CXX_FEATURE:1cxx_thread_local
    Feature record: CXX_FEATURE:1cxx_trailing_return_types
    Feature record: CXX_FEATURE:1cxx_unicode_literals
    Feature record: CXX_FEATURE:1cxx_uniform_initialization
    Feature record: CXX_FEATURE:1cxx_unrestricted_unions
    Feature record: CXX_FEATURE:1cxx_user_literals
    Feature record: CXX_FEATURE:0cxx_variable_templates
    Feature record: CXX_FEATURE:1cxx_variadic_macros
    Feature record: CXX_FEATURE:1cxx_variadic_templates


Detecting CXX [-std=c++98] compiler features compiled with the following output:
Change Dir: /home/khnguy22/RAVEN/raven-parcs/raven_latest/ravenframework/contrib/PythonFMU/pythonfmu/pythonfmu-export/build/CMakeFiles/CMakeTmp

Run Build Command:"/usr/bin/gmake" "cmTC_c9577/fast"
/usr/bin/gmake -f CMakeFiles/cmTC_c9577.dir/build.make CMakeFiles/cmTC_c9577.dir/build
gmake[1]: Entering directory `/home/khnguy22/RAVEN/raven-parcs/raven_latest/ravenframework/contrib/PythonFMU/pythonfmu/pythonfmu-export/build/CMakeFiles/CMakeTmp'
Building CXX object CMakeFiles/cmTC_c9577.dir/feature_tests.cxx.o
/cm/shared/software/GCCcore/6.4.0/bin/g++    -std=c++98 -o CMakeFiles/cmTC_c9577.dir/feature_tests.cxx.o -c /home/khnguy22/RAVEN/raven-parcs/raven_latest/ravenframework/contrib/PythonFMU/pythonfmu/pythonfmu-export/build/CMakeFiles/feature_tests.cxx
Linking CXX executable cmTC_c9577
/cm/shared/software/CMake/3.10.2-GCCcore-6.4.0/bin/cmake -E cmake_link_script CMakeFiles/cmTC_c9577.dir/link.txt --verbose=1
/cm/shared/software/GCCcore/6.4.0/bin/g++       CMakeFiles/cmTC_c9577.dir/feature_tests.cxx.o  -o cmTC_c9577 
gmake[1]: Leaving directory `/home/khnguy22/RAVEN/raven-parcs/raven_latest/ravenframework/contrib/PythonFMU/pythonfmu/pythonfmu-export/build/CMakeFiles/CMakeTmp'


    Feature record: CXX_FEATURE:0cxx_aggregate_default_initializers
    Feature record: CXX_FEATURE:0cxx_alias_templates
    Feature record: CXX_FEATURE:0cxx_alignas
    Feature record: CXX_FEATURE:0cxx_alignof
    Feature record: CXX_FEATURE:0cxx_attributes
    Feature record: CXX_FEATURE:0cxx_attribute_deprecated
    Feature record: CXX_FEATURE:0cxx_auto_type
    Feature record: CXX_FEATURE:0cxx_binary_literals
    Feature record: CXX_FEATURE:0cxx_constexpr
    Feature record: CXX_FEATURE:0cxx_contextual_conversions
    Feature record: CXX_FEATURE:0cxx_decltype
    Feature record: CXX_FEATURE:0cxx_decltype_auto
    Feature record: CXX_FEATURE:0cxx_decltype_incomplete_return_types
    Feature record: CXX_FEATURE:0cxx_default_function_template_args
    Feature record: CXX_FEATURE:0cxx_defaulted_functions
    Feature record: CXX_FEATURE:0cxx_defaulted_move_initializers
    Feature record: CXX_FEATURE:0cxx_delegating_constructors
    Feature record: CXX_FEATURE:0cxx_deleted_functions
    Feature record: CXX_FEATURE:0cxx_digit_separators
    Feature record: CXX_FEATURE:0cxx_enum_forward_declarations
    Feature record: CXX_FEATURE:0cxx_explicit_conversions
    Feature record: CXX_FEATURE:0cxx_extended_friend_declarations
    Feature record: CXX_FEATURE:0cxx_extern_templates
    Feature record: CXX_FEATURE:0cxx_final
    Feature record: CXX_FEATURE:0cxx_func_identifier
    Feature record: CXX_FEATURE:0cxx_generalized_initializers
    Feature record: CXX_FEATURE:0cxx_generic_lambdas
    Feature record: CXX_FEATURE:0cxx_inheriting_constructors
    Feature record: CXX_FEATURE:0cxx_inline_namespaces
    Feature record: CXX_FEATURE:0cxx_lambdas
    Feature record: CXX_FEATURE:0cxx_lambda_init_captures
    Feature record: CXX_FEATURE:0cxx_local_type_template_args
    Feature record: CXX_FEATURE:0cxx_long_long_type
    Feature record: CXX_FEATURE:0cxx_noexcept
    Feature record: CXX_FEATURE:0cxx_nonstatic_member_init
    Feature record: CXX_FEATURE:0cxx_nullptr
    Feature record: CXX_FEATURE:0cxx_override
    Feature record: CXX_FEATURE:0cxx_range_for
    Feature record: CXX_FEATURE:0cxx_raw_string_literals
    Feature record: CXX_FEATURE:0cxx_reference_qualified_functions
    Feature record: CXX_FEATURE:0cxx_relaxed_constexpr
    Feature record: CXX_FEATURE:0cxx_return_type_deduction
    Feature record: CXX_FEATURE:0cxx_right_angle_brackets
    Feature record: CXX_FEATURE:0cxx_rvalue_references
    Feature record: CXX_FEATURE:0cxx_sizeof_member
    Feature record: CXX_FEATURE:0cxx_static_assert
    Feature record: CXX_FEATURE:0cxx_strong_enums
    Feature record: CXX_FEATURE:1cxx_template_template_parameters
    Feature record: CXX_FEATURE:0cxx_thread_local
    Feature record: CXX_FEATURE:0cxx_trailing_return_types
    Feature record: CXX_FEATURE:0cxx_unicode_literals
    Feature record: CXX_FEATURE:0cxx_uniform_initialization
    Feature record: CXX_FEATURE:0cxx_unrestricted_unions
    Feature record: CXX_FEATURE:0cxx_user_literals
    Feature record: CXX_FEATURE:0cxx_variable_templates
    Feature record: CXX_FEATURE:0cxx_variadic_macros
    Feature record: CXX_FEATURE:0cxx_variadic_templates
