./Simulation.py
./Functions.py
./Steps.py
./LearningGate.py
./CsvLoader.py
./Files.py
./Databases/__pycache__/HDF5.cpython-36.opt-1.pyc
./Databases/__pycache__/HDF5.cpython-36.pyc
./Databases/HDF5.py
./BaseClasses/BaseEntity.py
./BaseClasses/BaseInterface.py
./BaseClasses/InputDataUser.py
./BaseClasses/MessageUser.py
./BaseClasses/__pycache__/InputDataUser.cpython-36.pyc
./BaseClasses/__pycache__/MessageUser.cpython-36.pyc
./BaseClasses/__pycache__/BaseInterface.cpython-36.pyc
./BaseClasses/__pycache__/BaseEntity.cpython-36.pyc
./MetricDistributor.py
./OrthoPolynomials.py
./CodeInterfaces/RAVEN/__pycache__/RAVENInterface.cpython-36.opt-1.pyc
./CodeInterfaces/RAVEN/__pycache__/RAVENparser.cpython-36.opt-1.pyc
./CodeInterfaces/RAVEN/__pycache__/RAVENparser.cpython-36.pyc
./CodeInterfaces/RAVEN/__pycache__/RAVENInterface.cpython-36.pyc
./CodeInterfaces/RAVEN/RAVENparser.py
./CodeInterfaces/RAVEN/RAVENInterface.py
./VariableGroups.py
./CustomModes/MPISimulationMode.py
./CustomModes/__pycache__/MPILegacySimulationMode.cpython-36.opt-1.pyc
./CustomModes/__pycache__/MPILegacySimulationMode.cpython-36.pyc
./CustomModes/__pycache__/MPISimulationMode.cpython-36.opt-1.pyc
./CustomModes/__pycache__/MPISimulationMode.cpython-36.pyc
./CustomModes/MPILegacySimulationMode.py
./utils/TreeStructure.py
./utils/__pycache__/mathUtils.cpython-36.pyc
./utils/__pycache__/TreeStructure.cpython-36.opt-1.pyc
./utils/__pycache__/mathUtils.cpython-36.opt-1.pyc
./utils/__pycache__/TreeStructure.cpython-36.pyc
./utils/mathUtils.py
./GridEntities.py
./Models/ROM.py
./Models/PostProcessors/CrossValidation.py
./Models/PostProcessors/ValueDuration.py
./Models/PostProcessors/LimitSurfaceIntegral.py
./Models/PostProcessors/FTImporter.py
./Models/PostProcessors/DataClassifier.py
./Models/PostProcessors/SafestPoint.py
./Models/PostProcessors/ETImporter.py
./Models/PostProcessors/EconomicRatio.py
./Models/PostProcessors/DataMining.py
./Models/PostProcessors/ComparisonStatisticsModule.py
./Models/PostProcessors/ExternalPostProcessor.py
./Models/PostProcessors/LimitSurface.py
./Models/PostProcessors/__pycache__/DataClassifier.cpython-36.opt-1.pyc
./Models/PostProcessors/__pycache__/FTImporter.cpython-36.opt-1.pyc
./Models/PostProcessors/__pycache__/ExternalPostProcessor.cpython-36.opt-1.pyc
./Models/PostProcessors/__pycache__/ExternalPostProcessor.cpython-36.pyc
./Models/PostProcessors/__pycache__/MCSimporter.cpython-36.opt-1.pyc
./Models/PostProcessors/__pycache__/SafestPoint.cpython-36.opt-1.pyc
./Models/PostProcessors/__pycache__/RealizationAverager.cpython-36.pyc
./Models/PostProcessors/__pycache__/ComparisonStatisticsModule.cpython-36.pyc
./Models/PostProcessors/__pycache__/InterfacedPostProcessor.cpython-36.opt-1.pyc
./Models/PostProcessors/__pycache__/SampleSelector.cpython-36.opt-1.pyc
./Models/PostProcessors/__pycache__/SampleSelector.cpython-36.pyc
./Models/PostProcessors/__pycache__/BasicStatistics.cpython-36.pyc
./Models/PostProcessors/__pycache__/LimitSurface.cpython-36.pyc
./Models/PostProcessors/__pycache__/ImportanceRank.cpython-36.opt-1.pyc
./Models/PostProcessors/__pycache__/LimitSurface.cpython-36.opt-1.pyc
./Models/PostProcessors/__pycache__/CrossValidation.cpython-36.pyc
./Models/PostProcessors/__pycache__/ParetoFrontierPostProcessor.cpython-36.opt-1.pyc
./Models/PostProcessors/__pycache__/ValueDuration.cpython-36.pyc
./Models/PostProcessors/__pycache__/SafestPoint.cpython-36.pyc
./Models/PostProcessors/__pycache__/EconomicRatio.cpython-36.pyc
./Models/PostProcessors/__pycache__/ParetoFrontierPostProcessor.cpython-36.pyc
./Models/PostProcessors/__pycache__/FastFourierTransform.cpython-36.pyc
./Models/PostProcessors/__pycache__/DataMining.cpython-36.opt-1.pyc
./Models/PostProcessors/__pycache__/EconomicRatio.cpython-36.opt-1.pyc
./Models/PostProcessors/__pycache__/ComparisonStatisticsModule.cpython-36.opt-1.pyc
./Models/PostProcessors/__pycache__/Metric.cpython-36.opt-1.pyc
./Models/PostProcessors/__pycache__/CrossValidation.cpython-36.opt-1.pyc
./Models/PostProcessors/__pycache__/LimitSurfaceIntegral.cpython-36.opt-1.pyc
./Models/PostProcessors/__pycache__/ETImporter.cpython-36.pyc
./Models/PostProcessors/__pycache__/LimitSurfaceIntegral.cpython-36.pyc
./Models/PostProcessors/__pycache__/ImportanceRank.cpython-36.pyc
./Models/PostProcessors/__pycache__/DataClassifier.cpython-36.pyc
./Models/PostProcessors/__pycache__/TopologicalDecomposition.cpython-36.opt-1.pyc
./Models/PostProcessors/__pycache__/FastFourierTransform.cpython-36.opt-1.pyc
./Models/PostProcessors/__pycache__/BasicStatistics.cpython-36.opt-1.pyc
./Models/PostProcessors/__pycache__/FTImporter.cpython-36.pyc
./Models/PostProcessors/__pycache__/MCSimporter.cpython-36.pyc
./Models/PostProcessors/__pycache__/Metric.cpython-36.pyc
./Models/PostProcessors/__pycache__/ValueDuration.cpython-36.opt-1.pyc
./Models/PostProcessors/__pycache__/ETImporter.cpython-36.opt-1.pyc
./Models/PostProcessors/__pycache__/TopologicalDecomposition.cpython-36.pyc
./Models/PostProcessors/__pycache__/RealizationAverager.cpython-36.opt-1.pyc
./Models/PostProcessors/__pycache__/InterfacedPostProcessor.cpython-36.pyc
./Models/PostProcessors/__pycache__/DataMining.cpython-36.pyc
./Models/PostProcessors/Metric.py
./Models/PostProcessors/RealizationAverager.py
./Models/PostProcessors/ImportanceRank.py
./Models/PostProcessors/InterfacedPostProcessor.py
./Models/PostProcessors/SampleSelector.py
./Models/PostProcessors/ParetoFrontierPostProcessor.py
./Models/PostProcessors/MCSimporter.py
./Models/PostProcessors/BasicStatistics.py
./Models/PostProcessors/FastFourierTransform.py
./Models/PostProcessors/TopologicalDecomposition.py
./Models/Code.py
./Models/__pycache__/ExternalModel.cpython-36.pyc
./Models/__pycache__/Code.cpython-36.pyc
./Models/__pycache__/ExternalModel.cpython-36.opt-1.pyc
./Models/__pycache__/ROM.cpython-36.pyc
./Models/__pycache__/ROM.cpython-36.opt-1.pyc
./Models/__pycache__/Code.cpython-36.opt-1.pyc
./Models/ExternalModel.py
./__pycache__/BaseClasses.cpython-36.pyc
./__pycache__/VariableGroups.cpython-36.opt-1.pyc
./__pycache__/Distributions.cpython-36.opt-1.pyc
./__pycache__/unSupervisedLearning.cpython-36.pyc
./__pycache__/Quadratures.cpython-36.opt-1.pyc
./__pycache__/Steps.cpython-36.opt-1.pyc
./__pycache__/MetricDistributor.cpython-36.pyc
./__pycache__/PostProcessorInterfaceBaseClass.cpython-36.pyc
./__pycache__/h5py_interface_creator.cpython-36.pyc
./__pycache__/LearningGate.cpython-36.opt-1.pyc
./__pycache__/Files.cpython-36.pyc
./__pycache__/unSupervisedLearning.cpython-36.opt-1.pyc
./__pycache__/JobHandler.cpython-36.opt-1.pyc
./__pycache__/EntityFactoryBase.cpython-36.pyc
./__pycache__/Simulation.cpython-36.pyc
./__pycache__/VariableGroups.cpython-36.pyc
./__pycache__/Functions.cpython-36.pyc
./__pycache__/Simulation.cpython-36.opt-1.pyc
./__pycache__/Steps.cpython-36.pyc
./__pycache__/LearningGate.cpython-36.pyc
./__pycache__/CsvLoader.cpython-36.pyc
./__pycache__/Files.cpython-36.opt-1.pyc
./__pycache__/BaseClasses.cpython-36.opt-1.pyc
./__pycache__/CsvLoader.cpython-36.opt-1.pyc
./__pycache__/OrthoPolynomials.cpython-36.pyc
./__pycache__/Application.cpython-36.opt-1.pyc
./__pycache__/GridEntities.cpython-36.pyc
./__pycache__/MessageHandler.cpython-36.opt-1.pyc
./__pycache__/GridEntities.cpython-36.opt-1.pyc
./__pycache__/IndexSets.cpython-36.pyc
./__pycache__/Distributions.cpython-36.pyc
./__pycache__/IndexSets.cpython-36.opt-1.pyc
./__pycache__/Functions.cpython-36.opt-1.pyc
./__pycache__/PostProcessorInterfaceBaseClass.cpython-36.opt-1.pyc
./__pycache__/OrthoPolynomials.cpython-36.opt-1.pyc
./__pycache__/Quadratures.cpython-36.pyc
./__pycache__/h5py_interface_creator.cpython-36.opt-1.pyc
./__pycache__/MetricDistributor.cpython-36.opt-1.pyc
./SupervisedLearning/ARMA.py
./SupervisedLearning/pickledROM.py
./SupervisedLearning/__pycache__/pickledROM.cpython-36.pyc
./SupervisedLearning/__pycache__/PolyExponential.cpython-36.pyc
./SupervisedLearning/__pycache__/ARMA.cpython-36.opt-1.pyc
./SupervisedLearning/__pycache__/ROMCollection.cpython-36.pyc
./SupervisedLearning/__pycache__/SupervisedLearning.cpython-36.pyc
./SupervisedLearning/__pycache__/PolyExponential.cpython-36.opt-1.pyc
./SupervisedLearning/__pycache__/pickledROM.cpython-36.opt-1.pyc
./SupervisedLearning/__pycache__/ARMA.cpython-36.pyc
./SupervisedLearning/__pycache__/ROMCollection.cpython-36.opt-1.pyc
./SupervisedLearning/__pycache__/SupervisedLearning.cpython-36.opt-1.pyc
./SupervisedLearning/ROMCollection.py
./SupervisedLearning/SupervisedLearning.py
./SupervisedLearning/PolyExponential.py
./CrossValidations/CrossValidation.py
./CrossValidations/__pycache__/CrossValidation.cpython-36.pyc
./CrossValidations/__pycache__/CrossValidation.cpython-36.opt-1.pyc
./Distributions.py
./h5py_interface_creator.py
./Samplers/AdaptiveSparseGrid.py
./Samplers/LimitSurfaceSearch.py
./Samplers/Grid.py
./Samplers/SparseGridCollocation.py
./Samplers/DynamicEventTree.py
./Samplers/Sobol.py
./Samplers/EnsembleForward.py
./Samplers/__pycache__/AdaptiveSobol.cpython-36.opt-1.pyc
./Samplers/__pycache__/LimitSurfaceSearch.cpython-36.pyc
./Samplers/__pycache__/AdaptiveDynamicEventTree.cpython-36.opt-1.pyc
./Samplers/__pycache__/AdaptiveSobol.cpython-36.pyc
./Samplers/__pycache__/AdaptiveMonteCarlo.cpython-36.pyc
./Samplers/__pycache__/SparseGridCollocation.cpython-36.pyc
./Samplers/__pycache__/EnsembleForward.cpython-36.opt-1.pyc
./Samplers/__pycache__/AdaptiveDynamicEventTree.cpython-36.pyc
./Samplers/__pycache__/Grid.cpython-36.pyc
./Samplers/__pycache__/DynamicEventTree.cpython-36.opt-1.pyc
./Samplers/__pycache__/AdaptiveSparseGrid.cpython-36.pyc
./Samplers/__pycache__/LimitSurfaceSearch.cpython-36.opt-1.pyc
./Samplers/__pycache__/AdaptiveSparseGrid.cpython-36.opt-1.pyc
./Samplers/__pycache__/SparseGridCollocation.cpython-36.opt-1.pyc
./Samplers/__pycache__/Sobol.cpython-36.opt-1.pyc
./Samplers/__pycache__/AdaptiveMonteCarlo.cpython-36.opt-1.pyc
./Samplers/__pycache__/Grid.cpython-36.opt-1.pyc
./Samplers/__pycache__/EnsembleForward.cpython-36.pyc
./Samplers/__pycache__/Sobol.cpython-36.pyc
./Samplers/__pycache__/DynamicEventTree.cpython-36.pyc
./Samplers/AdaptiveSobol.py
./Samplers/AdaptiveDynamicEventTree.py
./Samplers/AdaptiveMonteCarlo.py
./Samplers/MCMC/AdaptiveMetropolis.py
./Samplers/MCMC/__pycache__/AdaptiveMetropolis.cpython-36.opt-1.pyc
./Samplers/MCMC/__pycache__/AdaptiveMetropolis.cpython-36.pyc
./EntityFactoryBase.py
./Runners/Runner.py
./Runners/__pycache__/PassthroughRunner.cpython-36.opt-1.pyc
./Runners/__pycache__/Factory.cpython-36.pyc
./Runners/__pycache__/Runner.cpython-36.opt-1.pyc
./Runners/__pycache__/InternalRunner.cpython-36.opt-1.pyc
./Runners/__pycache__/SharedMemoryRunner.cpython-36.opt-1.pyc
./Runners/__pycache__/DistributedMemoryRunner.cpython-36.opt-1.pyc
./Runners/__pycache__/Runner.cpython-36.pyc
./Runners/Factory.py
./DataObjects/DataObject.py
./DataObjects/__pycache__/DataSet.cpython-36.pyc
./DataObjects/__pycache__/DataObject.cpython-36.pyc
./DataObjects/__pycache__/DataObject.cpython-36.opt-1.pyc
./DataObjects/__pycache__/DataSet.cpython-36.opt-1.pyc
./DataObjects/DataSet.py
./PostProcessorInterfaceBaseClass.py
./MessageHandler.py
./IndexSets.py
./unSupervisedLearning.py
./Quadratures.py
