 *******************************************************************************
 *                                                                             *
 *                                  SCALE 6.2                                  *
 *                                -------------                                *
 *                                October 2017                                 *
 *                                                                             *
 *           SCALE:  A Comprehensive Modeling and Simulation Suite             *
 *                   for Nuclear Safety Analysis and Design                    *
 *                                                                             *
 *                      Reactor and Nuclear Systems Division                   *
 *                        Oak Ridge National Laboratory                        *
 *                                                                             *
 *                           http://scale.ornl.gov                             *
 *                            scalehelp@ornl.gov                               *
 *                                                                             *
 *******************************************************************************
 *******************************************************************************
      
                  Job Information
                  ---------------
      Job started on r1i0n1 on Mon 23/10/2017 11:03:43
      Working directory: /home/rouxpn/TSUNAMI/pwr_pincell/XS_generation/2_squares/TEMPuo2_4.6_XS_3g.inp
      Input file name  : /home/rouxpn/TSUNAMI/pwr_pincell/XS_generation/2_squares/uo2_4.6_XS_3g.inp
      Output file name : /home/rouxpn/TSUNAMI/pwr_pincell/XS_generation/2_squares/uo2_4.6_XS_3g.out
      SCALE executable : /apps/exp_ctl/scale/6.2/goolf-4.5.0/src/SCALE-6.2-serial-6.2-Source/build/gcc/INSTALL/bin/../bin/scale
      
 *******************************************************************************


    module t-newt will be called on Mon Oct 23 11:03:45 2017.
    sequence specification record:=t-newt  parm=(centrm)
Input Data:

      NEWT pincell for XS 
      v7-252
      ' *****COMPOSITION*******************************
      read composition
       U-235       1 0 1.091e-03   600   end
       U-238       1 0 2.233e-02   600   end
       O-16        1 0 4.684e-02   600   end
       xe-135      1 0 1.000e-24   600   end 
      
       zr-91       3 0 4.311e-02   600   end
      
       O-16        4 0 2.466e-02   600   end 
       H-1         4 0 4.932e-02   600   end 
      end composition
      read celldata 
       infhommedium 1 end
      end celldata  
      
      read model 
      pwr unit cell 
      ' *****PARAMETERS*****************************
      read parameter
       echo=yes
       collapse=yes
       epseigen=1.0e-5                                               
       inners=750
       epsouter=0.001 
      end parameter
      ' *****HOMOGENIZATION*************************
      read homog
       500 block_het 1 3 4 end   
      end homog 
      ' *****MATERIALS******************************
      read materials
        mix=1 end
        mix=3 end
        mix=4 end
      end material
      ' *****COLLAPSE*******************************
      read collapse
       52r1
       178r2
       22r3
      end collapse
      ' *****GEOMETRY********************************
      read geometry
        global unit 1 
          cuboid    13  3 -3  3 -3 
          cuboid    14  9  3  3 -3    
          cuboid    15  9 -3  3 -3
          media     1  1  13  
          media     4  1  14 
          media     3  1  15 -13 -14     
          boundary  15 5 5  
      end geometry
      ' *****BOUNDS***********************************
      read bounds
       all=refl 
      end bounds
      end model
end




************************************************************************************************************************************
************************************************************************************************************************************
************************************************************************************************************************************
*****                                                                                                                          *****
*****                                             program verification information                                             *****
*****                                                                                                                          *****
*****                                            code system: SCALE   version: 6.2                                             *****
*****                                                                                                                          *****
************************************************************************************************************************************
************************************************************************************************************************************
*****                                                                                                                          *****
*****                                                                                                                          *****
*****                      program:  t-newt                                                                                    *****
*****                                                                                                                          *****
*****                      version:  6.2.0 (602000)                                                                            *****
*****                                                                                                                          *****
*****                     username:  rouxpn                                                                                    *****
*****                                                                                                                          *****
*****                     hostname:  r1i0n1                                                                                    *****
*****                                                                                                                          *****
*****                                                                                                                          *****
*****            date of execution:  2017-10-23                                                                                *****
*****                                                                                                                          *****
*****            time of execution:  11:03:45                                                                                  *****
*****                                                                                                                          *****
************************************************************************************************************************************
************************************************************************************************************************************
************************************************************************************************************************************




 ' *****PARAMETERS*****************************

 ' *****HOMOGENIZATION*************************

 ' *****MATERIALS******************************

 ' *****COLLAPSE*******************************

 ' *****GEOMETRY********************************

 ' *****BOUNDS***********************************
------------------------------------------------------------------------------------------------------------------------------------

                          pwr unit cell                                                                   

------------------------------------------------------------------------------------------------------------------------------------



1         ***********************
          ***********************
          **  Control Options  **
          ***********************
          ***********************

 Run problem to completion/test input only          run=           yes
 Weighted cross-section collapse/do not collapse    collapse=      yes
 Source acceleration on/off                         accel=         yes
 Restart from earlier case/begin new case           restart=        no
 CMFD acceleration (0/1/2/3 = no/rect/yes/part)     cmfd=          0
 Number of fine mesh base grid/coarse grid in X     xcmfd=           1
 Number of fine mesh base grid/coarse grid in Y     ycmfd=           1
 CMFD Multigroup solution only (no 2g)              cmfd2g=         no
 Create restart file upon completion                savrest=       yes
 Calculation type:                                  eigenvalue                      
 Forward/adjoint solution                           forward=       yes

1         **********************
          **********************
          **  Output Options  **
          **********************
          **********************

 Print micro. cross-sections for problem nuclides   prtxsec=        no
 Print macro. cross-sections for mixtures           prtmxsec=       no
 Print balance table                                prtbalnc=       no
 Print mixing table                                 prtmxtab=       no
 Print postscript graphics file for fluxes          prtflux=        no
 Print postscript grid/mixture geometry graphics    drawit=         no
 Print broad-group fluxes                           prtbroad=       no
 Echo convergence tracking data to std. output      echo=          yes

1         ***************************
          ***************************
          ** I/O Unit Assignments  **
          ***************************
          ***************************

 Unit no. for mixing table                          mixtab=         92
 Unit no. of working library                        xnlib=           4
 Unit no. for weighted broad-group library          wtdlib=         30
 Unit no. for homogenized macroscopic x-sect. lib.  hmoglib=        13

1         *************************
          *************************
          ** Convergence Control **
          *************************
          *************************

 Quadrature order                                   sn=              6
 Maximum no. of inner itrs./outer/energy group      inners=        750
 Maximum no. of outer energy groups                 outers=          250
 Performing thermal group subouter iterations       therm=         yes
 Maximum no. of thermal group subouter itrs./outer  suboutrs=        2
 Convergence criterion on inner iterations          epsinner= 1.00E-04
 Convergence criterion on subouter iterations       epsthrm=  1.00E-03
 Convergence criterion on outer iterations          epsouter= 1.00E-03
 Convergence criterion on eigenvalue                epseigen= 1.00E-05
 First guess for eigenvalue (k-eff)                 kguess=       1.000

1         *****************************
          *****************************
          ** Geometry Specifications **
          *****************************
          *****************************

 Left side x-coordinate                             xmin= -3.00000E+00
 Right side x-coordinate                            xmax=  9.00000E+00
 Bottom side y-coordinate                           ymin= -3.00000E+00
 Top side y-coordinate                              ymax=  3.00000E+00
 Number of subdivisions in x direction              nx=              5
 Number of subdivisions in y direction              ny=              5

 Boundary Conditions (0/1/2/3=vacuum/reflective/white/periodic):
 Left (West)          wbc=         1
 Right (East)         ebc=         1
 Bottom (South)       sbc=         1
 Top (North)          nbc=         1

  Body Characteristics.  Rotation angle in degrees counterclockwise.
  Size parameters. cyl: A=radius, B=no. of sides. cub: A=width, B=height. hex: A(B)=major(minor) radius.
  Body  Input  Zone    Subdiv      --Center--      Size Parameters   Rotation   Chord
  Type  Unit   Number  nx  ny      x        y        A        B      Angle      Information
  ----  -----  -----  --- ---   ------   ------    -----    ------   --------   -----------
 cub     1     1       5   5    3.000    0.000   12.000    6.000    0.000
 cub     1     2       0   0    0.000    0.000    6.000    6.000    0.000
 cub     1     3       0   0    6.000    0.000    6.000    6.000    0.000

1         ******************************************
          ******************************************
          ** Homogenization Region Specifications **
          ******************************************
          ******************************************

block_het    contains the following mixtures:
               1    3    4

1         *****************************
          *****************************
          ** Material Specifications **
          *****************************
          *****************************

 Mat'l No.   SCALE ID   Pn order   External source ID   Description (if any)
    1          1           1               0           
    2          3           1               0           
    3          4           1               0           

1         ************************
          ************************
          ** Derived Parameters **
          ************************
          ************************

 Total number of energy groups                      numen=         252
 Number of broad groups in collapsed set            nbroad=          3
 Number of neutron groups                           igm=           252
 Number of gamma groups                             ipm=             0
 First thermal energy group                         iftg=          156
 Mixing table length                                nmix=             7
 Number of mixtures created                         nummat=          4
 Number of computational cells                      numcells=       30
 Number of computational surfaces (sides)           numlines=       71
 Combine small grid cells together                  combine=no
 Average number of sides/cell                       avnosides=     4.00
 Minimum number of sides/cell                       mnnosides=       4
 Maximum number of sides/cell                       mxnosides=       4
 Number of angles in quadrature set                 ndir=           24
 Maximum order of Legendre scattering               maxpn=           1
 Number of flux moments                             nmom             3

1         *****************************
          *****************************
          ** Energy Group Structures **
          *****************************
          *****************************

 Energy   Energy      Lethargy   Broad           Energy   Energy      Lethargy   Broad
 Group  Boundaries   Boundaries  Group           Group  Boundaries   Boundaries  Group
  No.      (eV)                   No.             No.      (eV)                   No. 
   1   2.00000E+07 -6.93147E-01    1              127   3.17500E+01  1.26602E+01     
   2   1.73300E+07 -5.49854E-01                   128   3.12500E+01  1.26761E+01     
   3   1.56800E+07 -4.49801E-01                   129   3.00000E+01  1.27169E+01     
   4   1.45500E+07 -3.75006E-01                   130   2.75000E+01  1.28039E+01     
   5   1.38400E+07 -3.24978E-01                   131   2.50000E+01  1.28992E+01     
   6   1.28400E+07 -2.49980E-01                   132   2.25000E+01  1.30046E+01     
   7   1.00000E+07  0.00000E+00                   133   2.17500E+01  1.30385E+01     
   8   8.18700E+06  2.00038E-01                   134   2.12000E+01  1.30641E+01     
   9   6.43400E+06  4.40989E-01                   135   2.05000E+01  1.30977E+01     
  10   4.80000E+06  7.33969E-01                   136   2.00000E+01  1.31224E+01     
  11   4.30400E+06  8.43040E-01                   137   1.94000E+01  1.31528E+01     
  12   3.00000E+06  1.20397E+00                   138   1.85000E+01  1.32003E+01     
  13   2.47900E+06  1.39473E+00                   139   1.70000E+01  1.32849E+01     
  14   2.35400E+06  1.44647E+00                   140   1.60000E+01  1.33455E+01     
  15   1.85000E+06  1.68740E+00                   141   1.44000E+01  1.34509E+01     
  16   1.50000E+06  1.89712E+00                   142   1.29000E+01  1.35609E+01     
  17   1.40000E+06  1.96611E+00                   143   1.19000E+01  1.36416E+01     
  18   1.35600E+06  1.99805E+00                   144   1.15000E+01  1.36757E+01     
  19   1.31700E+06  2.02723E+00                   145   1.00000E+01  1.38155E+01     
  20   1.25000E+06  2.07944E+00                   146   9.10000E+00  1.39098E+01     
  21   1.20000E+06  2.12026E+00                   147   8.10000E+00  1.40262E+01     
  22   1.10000E+06  2.20727E+00                   148   7.15000E+00  1.41510E+01     
  23   1.01000E+06  2.29263E+00                   149   7.00000E+00  1.41722E+01     
  24   9.20000E+05  2.38597E+00                   150   6.87500E+00  1.41902E+01     
  25   9.00000E+05  2.40795E+00                   151   6.75000E+00  1.42086E+01     
  26   8.75000E+05  2.43612E+00                   152   6.50000E+00  1.42463E+01     
  27   8.61100E+05  2.45213E+00                   153   6.25000E+00  1.42855E+01     
  28   8.20000E+05  2.50104E+00                   154   6.00000E+00  1.43263E+01     
  29   7.50000E+05  2.59027E+00                   155   5.40000E+00  1.44317E+01     
  30   6.79000E+05  2.68972E+00                   156   5.00000E+00  1.45087E+01     
  31   6.70000E+05  2.70306E+00                   157   4.70000E+00  1.45705E+01     
  32   6.00000E+05  2.81341E+00                   158   4.10000E+00  1.47071E+01     
  33   5.73000E+05  2.85945E+00                   159   3.73000E+00  1.48017E+01     
  34   5.50000E+05  2.90042E+00                   160   3.50000E+00  1.48653E+01     
  35   4.92000E+05  3.01186E+00                   161   3.20000E+00  1.49549E+01     
  36   4.70000E+05  3.05761E+00                   162   3.10000E+00  1.49867E+01     
  37   4.40000E+05  3.12357E+00                   163   3.00000E+00  1.50195E+01     
  38   4.20000E+05  3.17009E+00                   164   2.97000E+00  1.50295E+01     
  39   4.00000E+05  3.21888E+00                   165   2.87000E+00  1.50638E+01     
  40   3.30000E+05  3.41125E+00                   166   2.77000E+00  1.50992E+01     
  41   2.70000E+05  3.61192E+00                   167   2.67000E+00  1.51360E+01     
  42   2.00000E+05  3.91202E+00                   168   2.57000E+00  1.51742E+01     
  43   1.49000E+05  4.20639E+00                   169   2.47000E+00  1.52139E+01     
  44   1.28300E+05  4.35597E+00                   170   2.38000E+00  1.52510E+01     
  45   1.00000E+05  4.60517E+00                   171   2.30000E+00  1.52852E+01     
  46   8.50000E+04  4.76769E+00                   172   2.21000E+00  1.53251E+01     
  47   8.20000E+04  4.80362E+00                   173   2.12000E+00  1.53667E+01     
  48   7.50000E+04  4.89285E+00                   174   2.00000E+00  1.54249E+01     
  49   7.30000E+04  4.91988E+00                   175   1.94000E+00  1.54554E+01     
  50   6.00000E+04  5.11600E+00                   176   1.86000E+00  1.54975E+01     
  51   5.20000E+04  5.25910E+00                   177   1.77000E+00  1.55471E+01     
  52   5.00000E+04  5.29832E+00                   178   1.68000E+00  1.55993E+01     
  53   4.50000E+04  5.40368E+00    2              179   1.59000E+00  1.56544E+01     
  54   3.00000E+04  5.80914E+00                   180   1.50000E+00  1.57126E+01     
  55   2.00000E+04  6.21461E+00                   181   1.45000E+00  1.57465E+01     
  56   1.70000E+04  6.37713E+00                   182   1.40000E+00  1.57816E+01     
  57   1.30000E+04  6.64539E+00                   183   1.35000E+00  1.58180E+01     
  58   9.50000E+03  6.95905E+00                   184   1.30000E+00  1.58557E+01     
  59   8.03000E+03  7.12716E+00                   185   1.25000E+00  1.58950E+01     
  60   5.70000E+03  7.46987E+00                   186   1.22500E+00  1.59152E+01     
  61   3.90000E+03  7.84936E+00                   187   1.20000E+00  1.59358E+01     
  62   3.74000E+03  7.89125E+00                   188   1.17500E+00  1.59568E+01     
  63   3.00000E+03  8.11173E+00                   189   1.15000E+00  1.59783E+01     
  64   2.50000E+03  8.29405E+00                   190   1.14000E+00  1.59871E+01     
  65   2.25000E+03  8.39941E+00                   191   1.13000E+00  1.59959E+01     
  66   2.20000E+03  8.42188E+00                   192   1.12000E+00  1.60048E+01     
  67   1.80000E+03  8.62255E+00                   193   1.11000E+00  1.60137E+01     
  68   1.55000E+03  8.77209E+00                   194   1.10000E+00  1.60228E+01     
  69   1.50000E+03  8.80488E+00                   195   1.09000E+00  1.60319E+01     
  70   1.15000E+03  9.07058E+00                   196   1.08000E+00  1.60411E+01     
  71   9.50000E+02  9.26163E+00                   197   1.07000E+00  1.60504E+01     
  72   6.83000E+02  9.59160E+00                   198   1.06000E+00  1.60598E+01     
  73   6.70000E+02  9.61082E+00                   199   1.05000E+00  1.60693E+01     
  74   5.50000E+02  9.80818E+00                   200   1.04000E+00  1.60789E+01     
  75   3.05000E+02  1.03978E+01                   201   1.03000E+00  1.60885E+01     
  76   2.85000E+02  1.04656E+01                   202   1.02000E+00  1.60983E+01     
  77   2.40000E+02  1.06375E+01                   203   1.01000E+00  1.61081E+01     
  78   2.20000E+02  1.07245E+01                   204   1.00000E+00  1.61181E+01     
  79   2.09500E+02  1.07734E+01                   205   9.75000E-01  1.61434E+01     
  80   2.07400E+02  1.07834E+01                   206   9.50000E-01  1.61694E+01     
  81   2.02000E+02  1.08098E+01                   207   9.25000E-01  1.61961E+01     
  82   1.93000E+02  1.08554E+01                   208   9.00000E-01  1.62235E+01     
  83   1.91500E+02  1.08632E+01                   209   8.50000E-01  1.62806E+01     
  84   1.88500E+02  1.08790E+01                   210   8.00000E-01  1.63412E+01     
  85   1.87700E+02  1.08833E+01                   211   7.50000E-01  1.64058E+01     
  86   1.80000E+02  1.09251E+01                   212   7.00000E-01  1.64748E+01     
  87   1.70000E+02  1.09823E+01                   213   6.50000E-01  1.65489E+01     
  88   1.43000E+02  1.11553E+01                   214   6.25000E-01  1.65881E+01     
  89   1.22000E+02  1.13141E+01                   215   6.00000E-01  1.66289E+01     
  90   1.19000E+02  1.13390E+01                   216   5.50000E-01  1.67159E+01     
  91   1.17500E+02  1.13517E+01                   217   5.00000E-01  1.68112E+01     
  92   1.16000E+02  1.13645E+01                   218   4.50000E-01  1.69166E+01     
  93   1.13000E+02  1.13907E+01                   219   4.00000E-01  1.70344E+01     
  94   1.08000E+02  1.14360E+01                   220   3.75000E-01  1.70989E+01     
  95   1.05000E+02  1.14641E+01                   221   3.50000E-01  1.71679E+01     
  96   1.01200E+02  1.15010E+01                   222   3.25000E-01  1.72420E+01     
  97   9.70000E+01  1.15434E+01                   223   3.00000E-01  1.73221E+01     
  98   9.00000E+01  1.16183E+01                   224   2.75000E-01  1.74091E+01     
  99   8.17000E+01  1.17150E+01                   225   2.50000E-01  1.75044E+01     
 100   8.00000E+01  1.17361E+01                   226   2.25000E-01  1.76098E+01     
 101   7.60000E+01  1.17874E+01                   227   2.00000E-01  1.77275E+01     
 102   7.20000E+01  1.18414E+01                   228   1.75000E-01  1.78611E+01     
 103   6.75000E+01  1.19060E+01                   229   1.50000E-01  1.80152E+01     
 104   6.50000E+01  1.19437E+01                   230   1.25000E-01  1.81975E+01     
 105   6.30000E+01  1.19750E+01                   231   1.00000E-01  1.84207E+01    3
 106   6.10000E+01  1.20072E+01                   232   9.00000E-02  1.85260E+01     
 107   5.80000E+01  1.20577E+01                   233   8.00000E-02  1.86438E+01     
 108   5.34000E+01  1.21403E+01                   234   7.00000E-02  1.87774E+01     
 109   5.06000E+01  1.21941E+01                   235   6.00000E-02  1.89315E+01     
 110   4.83000E+01  1.22407E+01                   236   5.00000E-02  1.91138E+01     
 111   4.52000E+01  1.23070E+01                   237   4.00000E-02  1.93370E+01     
 112   4.40000E+01  1.23339E+01                   238   3.00000E-02  1.96247E+01     
 113   4.24000E+01  1.23709E+01                   239   2.53000E-02  1.97950E+01     
 114   4.10000E+01  1.24045E+01                   240   1.00000E-02  2.07233E+01     
 115   3.96000E+01  1.24393E+01                   241   7.50000E-03  2.10109E+01     
 116   3.91000E+01  1.24520E+01                   242   5.00000E-03  2.14164E+01     
 117   3.80000E+01  1.24805E+01                   243   4.00000E-03  2.16396E+01     
 118   3.76300E+01  1.24903E+01                   244   3.00000E-03  2.19272E+01     
 119   3.72700E+01  1.24999E+01                   245   2.50000E-03  2.21096E+01     
 120   3.71300E+01  1.25037E+01                   246   2.00000E-03  2.23327E+01     
 121   3.70000E+01  1.25072E+01                   247   1.50000E-03  2.26204E+01     
 122   3.60000E+01  1.25346E+01                   248   1.20000E-03  2.28435E+01     
 123   3.55000E+01  1.25486E+01                   249   1.00000E-03  2.30259E+01     
 124   3.50000E+01  1.25627E+01                   250   7.50000E-04  2.33135E+01     
 125   3.37500E+01  1.25991E+01                   251   5.00000E-04  2.37190E+01     
 126   3.32500E+01  1.26140E+01                   252   1.00000E-04  2.53284E+01     
                                                  253   1.00000E-05  2.76310E+01    4

1         ***************************
          ***************************
          ** Quadrature Parameters **
          ***************************
          ***************************

 Quadrature angles and weights for first quadrant:
 (  6 angles/quadrant for S- 6 quadrature.)

 Angle No.    Mu                  Eta                Weight       Angle in x-y   Elevation
                                                                 plane (degrees) (degrees)
    1    2.30091940D-01      2.30091940D-01      4.23616400D-02       45.00        71.01
    2    6.88134320D-01      2.30091940D-01      4.09716925D-02       18.49        43.48
    3    9.45576760D-01      2.30091940D-01      4.23616400D-02       13.68        13.30
    4    2.30091940D-01      6.88134320D-01      4.09716925D-02       71.51        43.48
    5    6.88134320D-01      6.88134320D-01      4.09716925D-02       45.00        13.30
    6    2.30091940D-01      9.45576760D-01      4.23616400D-02       76.32        13.30


1         **********************************
          **********************************
          ** Quadrature Reflection Angles **
          **********************************
          **********************************
                (Angles are in degrees)

       12 primary   (incoming) angles on each side.
       12 reflected (outgoing) angles on each side.

  Side No. (slope)   Direction No. Primary angle (slope/elevation) Reflecting Angle (slope/elevation)

      1  (   0.00)       1             1  (  45.00/  71.01)           19  ( -45.00/  71.01)
                         2             2  (  18.49/  43.48)           20  ( -18.49/  43.48)
                         3             3  (  13.68/  13.30)           21  ( -13.68/  13.30)
                         4             4  (  71.51/  43.48)           22  ( -71.51/  43.48)
                         5             5  (  45.00/  13.30)           23  ( -45.00/  13.30)
                         6             6  (  76.32/  13.30)           24  ( -76.32/  13.30)
                         7             7  ( 135.00/  71.01)           13  (-135.00/  71.01)
                         8             8  ( 161.51/  43.48)           14  (-161.51/  43.48)
                         9             9  ( 166.32/  13.30)           15  (-166.32/  13.30)
                        10            10  ( 108.49/  43.48)           16  (-108.49/  43.48)
                        11            11  ( 135.00/  13.30)           17  (-135.00/  13.30)
                        12            12  ( 103.68/  13.30)           18  (-103.68/  13.30)

      2  ( -90.00)       1             1  (  45.00/  71.01)            7  ( 135.00/  71.01)
                         2             2  (  18.49/  43.48)            8  ( 161.51/  43.48)
                         3             3  (  13.68/  13.30)            9  ( 166.32/  13.30)
                         4             4  (  71.51/  43.48)           10  ( 108.49/  43.48)
                         5             5  (  45.00/  13.30)           11  ( 135.00/  13.30)
                         6             6  (  76.32/  13.30)           12  ( 103.68/  13.30)
                         7            19  ( -45.00/  71.01)           13  (-135.00/  71.01)
                         8            20  ( -18.49/  43.48)           14  (-161.51/  43.48)
                         9            21  ( -13.68/  13.30)           15  (-166.32/  13.30)
                        10            22  ( -71.51/  43.48)           16  (-108.49/  43.48)
                        11            23  ( -45.00/  13.30)           17  (-135.00/  13.30)
                        12            24  ( -76.32/  13.30)           18  (-103.68/  13.30)

      3  (  90.00)       1             7  ( 135.00/  71.01)            1  (  45.00/  71.01)
                         2             8  ( 161.51/  43.48)            2  (  18.49/  43.48)
                         3             9  ( 166.32/  13.30)            3  (  13.68/  13.30)
                         4            10  ( 108.49/  43.48)            4  (  71.51/  43.48)
                         5            11  ( 135.00/  13.30)            5  (  45.00/  13.30)
                         6            12  ( 103.68/  13.30)            6  (  76.32/  13.30)
                         7            13  (-135.00/  71.01)           19  ( -45.00/  71.01)
                         8            14  (-161.51/  43.48)           20  ( -18.49/  43.48)
                         9            15  (-166.32/  13.30)           21  ( -13.68/  13.30)
                        10            16  (-108.49/  43.48)           22  ( -71.51/  43.48)
                        11            17  (-135.00/  13.30)           23  ( -45.00/  13.30)
                        12            18  (-103.68/  13.30)           24  ( -76.32/  13.30)

      4  ( 180.00)       1            13  (-135.00/  71.01)            7  ( 135.00/  71.01)
                         2            14  (-161.51/  43.48)            8  ( 161.51/  43.48)
                         3            15  (-166.32/  13.30)            9  ( 166.32/  13.30)
                         4            16  (-108.49/  43.48)           10  ( 108.49/  43.48)
                         5            17  (-135.00/  13.30)           11  ( 135.00/  13.30)
                         6            18  (-103.68/  13.30)           12  ( 103.68/  13.30)
                         7            19  ( -45.00/  71.01)            1  (  45.00/  71.01)
                         8            20  ( -18.49/  43.48)            2  (  18.49/  43.48)
                         9            21  ( -13.68/  13.30)            3  (  13.68/  13.30)
                        10            22  ( -71.51/  43.48)            4  (  71.51/  43.48)
                        11            23  ( -45.00/  13.30)            5  (  45.00/  13.30)
                        12            24  ( -76.32/  13.30)            6  (  76.32/  13.30)





 Scattering constants for first quadrant
 ( 3 moments for p-1 scattering)
 Angle       ------- Moment No. -------
  No.       0             1             2
    1    1.00000E+00  3.98531E-01 -2.81804E-01
    2    1.00000E+00  1.19188E+00 -2.81804E-01
    3    1.00000E+00  1.63779E+00 -2.81804E-01
    4    1.00000E+00  3.98531E-01 -8.42789E-01
    5    1.00000E+00  1.19188E+00 -8.42789E-01
    6    1.00000E+00  3.98531E-01 -1.15809E+00


1         **************************
          **************************
          **** Mixture Volumes *****
          **************************
          **************************


  Mixture       Volume        Volume
    ID     (cc/unit length)  Fraction
     0       0.00000E+00      0.00000E+00
     1       3.60000E+01      5.00000E-01
     4       3.60000E+01      5.00000E-01
 Total       7.20000E+01      1.00000E+00

   ***************************************************************************
   *** Warning: The following mixture(s), specified in newt material list, ***
   *** were not used in the geometry specification:                        ***
   ***    3
   ***************************************************************************

  Memory size of attenuation factors(MB)=      4.00



 =====================================================================================
   Outer iteration sweep begins.

 Outer  Eigen-  Eigenvalue Max Flux  Max Flux     Max Fuel  Max Fuel     Inners 
 It. #   value     Delta    Delta   Location(r,g)  Delta   Location(r,g) Cnvrged
 - - - - - - - - - - - - - - - - - - - - - - - - - - - - - - - - - - - - - - - - 
    1 1.00000   0.000E+00 2.249E+06 (    2,  3)   1.000E+00 (    1,  0)    F
    2 0.65106   5.360E-01 1.451E+02 (   25,248)   1.187E+00 (   19,  0)    F
    3 0.74190   1.225E-01 2.277E-01 (    3,231)   1.456E-01 (   21,  0)    F
    4 0.78068   4.967E-02 1.582E-01 (    2,235)   9.514E-02 (    1,  0)    F
    5 0.84472   7.581E-02 1.171E-01 (   18,235)   6.356E-02 (   30,  0)    F
    6 0.89440   5.554E-02 8.953E-02 (   18,235)   4.698E-02 (   30,  0)    F
    7 0.94323   5.177E-02 7.000E-02 (    2,235)   3.985E-02 (   21,  0)    F
    8 0.98624   4.361E-02 5.574E-02 (   12,235)   3.243E-02 (   30,  0)    F
    9 1.02499   3.781E-02 4.499E-02 (   24,235)   2.705E-02 (   21,  0)    F
   10 1.05932   3.241E-02 3.671E-02 (    2,235)   2.256E-02 (   30,  0)    F
   11 1.08965   2.783E-02 3.022E-02 (   18,235)   1.894E-02 (    7,  0)    F
   12 1.11629   2.387E-02 2.505E-02 (    2,235)   1.595E-02 (    7,  0)    F
   13 1.13961   2.046E-02 2.088E-02 (   18,235)   1.348E-02 (   21,  0)    F
   14 1.15996   1.754E-02 1.749E-02 (    2,235)   1.142E-02 (   21,  0)    F
   15 1.17768   1.504E-02 1.471E-02 (    2,235)   9.694E-03 (   30,  0)    F
   16 1.19306   1.289E-02 1.241E-02 (    2,235)   8.243E-03 (   15,  0)    F
   17 1.20639   1.105E-02 1.049E-02 (    3,235)   7.020E-03 (   30,  0)    F
   18 1.21794   9.479E-03 8.896E-03 (   18,235)   5.985E-03 (   30,  0)    F
   19 1.22792   8.129E-03 7.557E-03 (   18,235)   5.108E-03 (   21,  0)    F
   20 1.23654   6.972E-03 6.429E-03 (    3,235)   4.364E-03 (    7,  0)    F
   21 1.24398   5.981E-03 5.477E-03 (    2,235)   3.731E-03 (   15,  0)    F
   22 1.25040   5.131E-03 4.672E-03 (    2,235)   3.192E-03 (   30,  0)    F
   23 1.25593   4.403E-03 3.989E-03 (   18,235)   2.732E-03 (    7,  0)    F
   24 1.26069   3.778E-03 3.408E-03 (   18,235)   2.339E-03 (   21,  0)    F
   25 1.26479   3.242E-03 2.914E-03 (   18,235)   2.004E-03 (   21,  0)    F
   26 1.26832   2.783E-03 2.494E-03 (    3,235)   1.717E-03 (   21,  0)    F
   27 1.27135   2.388E-03 2.135E-03 (    3,235)   1.472E-03 (    7,  0)    F
   28 1.27397   2.050E-03 1.828E-03 (    2,235)   1.262E-03 (   15,  0)    T
   29 1.27621   1.760E-03 1.567E-03 (    3,235)   1.083E-03 (   15,  0)    T
   30 1.27814   1.511E-03 1.343E-03 (   18,235)   9.287E-04 (    7,  0)    T
   31 1.27980   1.297E-03 1.151E-03 (    3,235)   7.968E-04 (    7,  0)    T
   32 1.28123   1.114E-03 9.871E-04 (   18,235)   6.837E-04 (   21,  0)    T
   33 1.28246   9.562E-04 8.467E-04 (   18,235)   5.867E-04 (   30,  0)    T
   34 1.28351   8.210E-04 7.263E-04 (    2,235)   5.036E-04 (   21,  0)    T
   35 1.28442   7.049E-04 6.231E-04 (   12,235)   4.322E-04 (   21,  0)    T
   36 1.28519   6.053E-04 5.347E-04 (    2,235)   3.710E-04 (   15,  0)    T
   37 1.28586   5.198E-04 4.589E-04 (    3,235)   3.185E-04 (   30,  0)    T
   38 1.28644   4.462E-04 3.939E-04 (    2,235)   2.734E-04 (    7,  0)    T
   39 1.28693   3.833E-04 3.380E-04 (   18,235)   2.348E-04 (   30,  0)    T
   40 1.28735   3.290E-04 2.902E-04 (   18,235)   2.015E-04 (   21,  0)    T
   41 1.28772   2.826E-04 2.491E-04 (   12,235)   1.730E-04 (   21,  0)    T
   42 1.28803   2.425E-04 2.139E-04 (    3,235)   1.485E-04 (   15,  0)    T
   43 1.28830   2.084E-04 1.836E-04 (    2,235)   1.276E-04 (    7,  0)    T
   44 1.28853   1.790E-04 1.577E-04 (    3,235)   1.096E-04 (   15,  0)    T
   45 1.28873   1.536E-04 1.353E-04 (   18,235)   9.402E-05 (   30,  0)    T
   46 1.28890   1.320E-04 1.162E-04 (   18,235)   8.077E-05 (   21,  0)    T
   47 1.28904   1.132E-04 9.975E-05 (   18,235)   6.929E-05 (   21,  0)    T
   48 1.28917   9.736E-05 8.567E-05 (    2,235)   5.956E-05 (   27,  0)    T
   49 1.28928   8.300E-05 7.361E-05 (    2,235)   5.110E-05 (   30,  0)    T
   50 1.28937   6.920E-05 6.341E-05 (    2,235)   4.406E-05 (   30,  0)    T
   51 1.28944   5.831E-05 5.475E-05 (    3,235)   3.843E-05 (   27,  0)    T
   52 1.28950   4.941E-05 4.741E-05 (   18,238)   3.367E-05 (   30,  0)    T
   53 1.28956   4.197E-05 4.126E-05 (   18,235)   2.959E-05 (   21,  0)    T
   54 1.28960   3.586E-05 3.601E-05 (   12,235)   2.616E-05 (   21,  0)    T
   55 1.28964   3.069E-05 3.156E-05 (    2,235)   2.320E-05 (   15,  0)    T
   56 1.28968   2.614E-05 2.777E-05 (    3,235)   2.055E-05 (   30,  0)    T
   57 1.28971   2.256E-05 2.441E-05 (   12,235)   1.842E-05 (   15,  0)    T
   58 1.28973   1.922E-05 2.166E-05 (    3,238)   1.638E-05 (   30,  0)    T
   59 1.28975   1.672E-05 1.925E-05 (    2,238)   1.486E-05 (   27,  0)    T
   60 1.28977   1.437E-05 1.715E-05 (   18,234)   1.335E-05 (   30,  0)    T
   61 1.28979   1.237E-05 1.537E-05 (   18,238)   1.207E-05 (   21,  0)    T
   62 1.28980   1.084E-05 1.383E-05 (    3,238)   1.109E-05 (   27,  0)    T
   63 1.28981   9.232E-06 1.242E-05 (    2,234)   9.961E-06 (   30,  0)    T
   64 1.28982   8.320E-06 1.127E-05 (    3,238)   9.203E-06 (    7,  0)    T
 k-eff =       1.28982430                                                                                     



   Four-Factor Estimate of k-infinity.  Fast/Thermal boundary:   0.6250 eV
      Fiss. neutrons/thermal abs. (eta):          1.898016
      Thermal utilization (f):                    0.725332
      Resonance Escape probability (p):           0.650417
      Fast-fission factor (epsilon):              1.440572
                                            --------------
      Infinite neutron multiplication             1.289923


   Alternate 3-Group Formulation Terms. 
   Fast/Res. boundary:   0.8210 MeV.  Res./Therm. boundary:   0.6250eV
      Fiss. neutrons/thermal abs. (eta):          1.898016
      Thermal utilization (f):                    0.725332
      Resonance Escape probability (p):           0.703977
      Fast Escape probability (pf):               0.923918
      Fast-fission factor (epsilon):              1.440572




 Critical Spectra Calculated with the B1 Method
 Input buckling of  0.00000E+00 gives a corresponding k-eff of  1.28993E+00
 Equivalent core height is infinite.
 However, cross-sections were weighted with the system-average flux spectrum.

  Group   Upper      Critical   Inf.Med.   Critical   Inf.Med.  
   No    Energy(eV)   Flux       Flux      Adj.Flux   Adj.Flux  

     1  2.0000E+07  0.000E+00  0.000E+00  1.860E-03  1.860E-03
     2  1.7330E+07  0.000E+00  0.000E+00  2.531E-03  2.531E-03
     3  1.5680E+07  2.270E-10  2.270E-10  3.239E-03  3.239E-03
     4  1.4550E+07  8.282E-08  8.282E-08  4.629E-03  4.629E-03
     5  1.3840E+07  1.344E-05  1.344E-05  2.909E-03  2.909E-03
     6  1.2840E+07  9.198E-05  9.198E-05  8.028E-04  8.028E-04
     7  1.0000E+07  3.933E-04  3.933E-04  9.606E-04  9.606E-04
     8  8.1870E+06  1.283E-03  1.283E-03  7.163E-04  7.163E-04
     9  6.4340E+06  3.307E-03  3.307E-03  5.005E-04  5.005E-04
    10  4.8000E+06  4.979E-03  4.979E-03  1.305E-03  1.305E-03
    11  4.3040E+06  6.982E-03  6.982E-03  3.882E-04  3.882E-04
    12  3.0000E+06  1.114E-02  1.114E-02  7.186E-04  7.186E-04
    13  2.4790E+06  1.292E-02  1.292E-02  2.622E-03  2.622E-03
    14  2.3540E+06  1.067E-02  1.067E-02  5.529E-04  5.529E-04
    15  1.8500E+06  1.064E-02  1.064E-02  6.121E-04  6.121E-04
    16  1.5000E+06  1.156E-02  1.156E-02  1.804E-03  1.804E-03
    17  1.4000E+06  1.135E-02  1.135E-02  3.835E-03  3.835E-03
    18  1.3560E+06  9.399E-03  9.399E-03  4.164E-03  4.164E-03
    19  1.3170E+06  1.068E-02  1.068E-02  2.316E-03  2.316E-03
    20  1.2500E+06  1.244E-02  1.244E-02  2.956E-03  2.956E-03
    21  1.2000E+06  1.151E-02  1.151E-02  1.385E-03  1.385E-03
    22  1.1000E+06  9.181E-03  9.181E-03  1.408E-03  1.408E-03
    23  1.0100E+06  9.226E-03  9.226E-03  1.286E-03  1.286E-03
    24  9.2000E+05  1.163E-02  1.163E-02  5.461E-03  5.461E-03
    25  9.0000E+05  1.265E-02  1.265E-02  4.260E-03  4.260E-03
    26  8.7500E+05  1.369E-02  1.369E-02  7.494E-03  7.494E-03
    27  8.6110E+05  1.564E-02  1.564E-02  2.454E-03  2.454E-03
    28  8.2000E+05  1.816E-02  1.816E-02  1.345E-03  1.345E-03
    29  7.5000E+05  1.781E-02  1.781E-02  1.208E-03  1.208E-03
    30  6.7900E+05  1.773E-02  1.773E-02  9.012E-03  9.012E-03
    31  6.7000E+05  1.792E-02  1.792E-02  1.091E-03  1.091E-03
    32  6.0000E+05  1.768E-02  1.768E-02  2.619E-03  2.619E-03
    33  5.7300E+05  1.746E-02  1.746E-02  2.946E-03  2.946E-03
    34  5.5000E+05  1.691E-02  1.691E-02  1.085E-03  1.085E-03
    35  4.9200E+05  1.471E-02  1.471E-02  2.646E-03  2.646E-03
    36  4.7000E+05  1.075E-02  1.075E-02  1.837E-03  1.837E-03
    37  4.4000E+05  7.931E-03  7.931E-03  2.607E-03  2.607E-03
    38  4.2000E+05  9.931E-03  9.931E-03  2.486E-03  2.486E-03
    39  4.0000E+05  1.212E-02  1.212E-02  6.307E-04  6.307E-04
    40  3.3000E+05  1.436E-02  1.436E-02  6.051E-04  6.051E-04
    41  2.7000E+05  1.341E-02  1.341E-02  4.053E-04  4.053E-04
    42  2.0000E+05  1.173E-02  1.173E-02  4.142E-04  4.142E-04
    43  1.4900E+05  1.049E-02  1.049E-02  8.167E-04  8.167E-04
    44  1.2830E+05  9.361E-03  9.361E-03  4.909E-04  4.909E-04
    45  1.0000E+05  8.360E-03  8.360E-03  7.538E-04  7.538E-04
    46  8.5000E+04  7.919E-03  7.919E-03  3.412E-03  3.412E-03
    47  8.2000E+04  7.585E-03  7.585E-03  1.374E-03  1.374E-03
    48  7.5000E+04  7.359E-03  7.359E-03  4.540E-03  4.540E-03
    49  7.3000E+04  6.845E-03  6.845E-03  6.261E-04  6.261E-04
    50  6.0000E+04  6.223E-03  6.223E-03  8.593E-04  8.593E-04
    51  5.2000E+04  5.989E-03  5.989E-03  3.138E-03  3.138E-03
    52  5.0000E+04  5.711E-03  5.711E-03  1.169E-03  1.169E-03
    53  4.5000E+04  4.925E-03  4.925E-03  3.047E-04  3.047E-04
    54  3.0000E+04  4.090E-03  4.090E-03  3.067E-04  3.067E-04
    55  2.0000E+04  3.718E-03  3.718E-03  7.692E-04  7.692E-04
    56  1.7000E+04  3.437E-03  3.437E-03  4.673E-04  4.673E-04
    57  1.3000E+04  3.116E-03  3.116E-03  4.015E-04  4.015E-04
    58  9.5000E+03  2.890E-03  2.890E-03  7.525E-04  7.525E-04
    59  8.0300E+03  2.767E-03  2.767E-03  3.698E-04  3.698E-04
    60  5.7000E+03  2.591E-03  2.591E-03  3.358E-04  3.358E-04
    61  3.9000E+03  2.492E-03  2.492E-03  3.057E-03  3.057E-03
    62  3.7400E+03  2.439E-03  2.439E-03  5.798E-04  5.798E-04
    63  3.0000E+03  2.391E-03  2.391E-03  7.032E-04  7.032E-04
    64  2.5000E+03  2.294E-03  2.294E-03  1.217E-03  1.217E-03
    65  2.2500E+03  2.318E-03  2.318E-03  5.733E-03  5.733E-03
    66  2.2000E+03  2.335E-03  2.335E-03  6.410E-04  6.410E-04
    67  1.8000E+03  2.297E-03  2.297E-03  8.620E-04  8.620E-04
    68  1.5500E+03  2.263E-03  2.263E-03  3.937E-03  3.937E-03
    69  1.5000E+03  2.264E-03  2.264E-03  4.859E-04  4.859E-04
    70  1.1500E+03  2.178E-03  2.178E-03  6.756E-04  6.756E-04
    71  9.5000E+02  2.156E-03  2.156E-03  3.924E-04  3.924E-04
    72  6.8300E+02  2.024E-03  2.024E-03  6.825E-03  6.825E-03
    73  6.7000E+02  2.063E-03  2.063E-03  6.598E-04  6.598E-04
    74  5.5000E+02  2.075E-03  2.075E-03  2.216E-04  2.216E-04
    75  3.0500E+02  1.874E-03  1.874E-03  1.928E-03  1.928E-03
    76  2.8500E+02  1.872E-03  1.872E-03  7.653E-04  7.653E-04
    77  2.4000E+02  1.811E-03  1.811E-03  1.503E-03  1.503E-03
    78  2.2000E+02  1.807E-03  1.807E-03  2.692E-03  2.692E-03
    79  2.0950E+02  1.431E-03  1.431E-03  1.220E-02  1.220E-02
    80  2.0740E+02  1.958E-03  1.958E-03  4.986E-03  4.986E-03
    81  2.0200E+02  1.747E-03  1.747E-03  2.897E-03  2.897E-03
    82  1.9300E+02  1.549E-03  1.549E-03  1.673E-02  1.673E-02
    83  1.9150E+02  1.345E-03  1.345E-03  8.055E-03  8.055E-03
    84  1.8850E+02  2.145E-03  2.145E-03  2.926E-02  2.926E-02
    85  1.8770E+02  2.077E-03  2.077E-03  3.127E-03  3.127E-03
    86  1.8000E+02  1.814E-03  1.814E-03  2.319E-03  2.319E-03
    87  1.7000E+02  1.819E-03  1.819E-03  7.601E-04  7.601E-04
    88  1.4300E+02  1.841E-03  1.841E-03  8.359E-04  8.359E-04
    89  1.2200E+02  1.783E-03  1.783E-03  5.320E-03  5.320E-03
    90  1.1900E+02  1.636E-03  1.636E-03  1.024E-02  1.024E-02
    91  1.1750E+02  1.382E-03  1.382E-03  9.342E-03  9.342E-03
    92  1.1600E+02  1.842E-03  1.842E-03  5.031E-03  5.031E-03
    93  1.1300E+02  1.788E-03  1.788E-03  2.918E-03  2.918E-03
    94  1.0800E+02  1.703E-03  1.703E-03  4.674E-03  4.674E-03
    95  1.0500E+02  1.494E-03  1.494E-03  3.409E-03  3.409E-03
    96  1.0120E+02  1.835E-03  1.835E-03  3.095E-03  3.095E-03
    97  9.7000E+01  1.739E-03  1.739E-03  1.774E-03  1.774E-03
    98  9.0000E+01  1.738E-03  1.738E-03  1.378E-03  1.378E-03
    99  8.1700E+01  1.495E-03  1.495E-03  5.951E-03  5.951E-03
   100  8.0000E+01  1.740E-03  1.740E-03  2.604E-03  2.604E-03
   101  7.6000E+01  1.740E-03  1.740E-03  2.480E-03  2.480E-03
   102  7.2000E+01  1.702E-03  1.702E-03  2.067E-03  2.067E-03
   103  6.7500E+01  1.455E-03  1.455E-03  3.287E-03  3.287E-03
   104  6.5000E+01  1.656E-03  1.656E-03  4.223E-03  4.223E-03
   105  6.3000E+01  1.722E-03  1.722E-03  4.158E-03  4.158E-03
   106  6.1000E+01  1.710E-03  1.710E-03  2.670E-03  2.670E-03
   107  5.8000E+01  1.629E-03  1.629E-03  1.632E-03  1.632E-03
   108  5.3400E+01  1.638E-03  1.638E-03  2.511E-03  2.511E-03
   109  5.0600E+01  1.646E-03  1.646E-03  2.873E-03  2.873E-03
   110  4.8300E+01  1.674E-03  1.674E-03  2.019E-03  2.019E-03
   111  4.5200E+01  1.659E-03  1.659E-03  4.990E-03  4.990E-03
   112  4.4000E+01  1.664E-03  1.664E-03  3.587E-03  3.587E-03
   113  4.2400E+01  1.619E-03  1.619E-03  3.957E-03  3.957E-03
   114  4.1000E+01  1.632E-03  1.632E-03  3.833E-03  3.833E-03
   115  3.9600E+01  1.506E-03  1.506E-03  1.045E-02  1.045E-02
   116  3.9100E+01  1.516E-03  1.516E-03  4.598E-03  4.598E-03
   117  3.8000E+01  1.427E-03  1.427E-03  1.316E-02  1.316E-02
   118  3.7630E+01  1.347E-03  1.347E-03  1.314E-02  1.314E-02
   119  3.7270E+01  1.277E-03  1.277E-03  3.298E-02  3.298E-02
   120  3.7130E+01  1.235E-03  1.235E-03  3.491E-02  3.491E-02
   121  3.7000E+01  1.239E-03  1.239E-03  4.425E-03  4.425E-03
   122  3.6000E+01  1.448E-03  1.448E-03  9.069E-03  9.069E-03
   123  3.5500E+01  1.351E-03  1.351E-03  9.462E-03  9.462E-03
   124  3.5000E+01  1.424E-03  1.424E-03  3.677E-03  3.677E-03
   125  3.3750E+01  1.423E-03  1.423E-03  8.916E-03  8.916E-03
   126  3.3250E+01  1.526E-03  1.526E-03  2.908E-03  2.908E-03
   127  3.1750E+01  1.553E-03  1.553E-03  8.465E-03  8.465E-03
   128  3.1250E+01  1.554E-03  1.554E-03  3.288E-03  3.288E-03
   129  3.0000E+01  1.599E-03  1.599E-03  1.549E-03  1.549E-03
   130  2.7500E+01  1.611E-03  1.611E-03  1.419E-03  1.419E-03
   131  2.5000E+01  1.551E-03  1.551E-03  1.270E-03  1.270E-03
   132  2.2500E+01  1.511E-03  1.511E-03  3.873E-03  3.873E-03
   133  2.1750E+01  1.354E-03  1.354E-03  4.969E-03  4.969E-03
   134  2.1200E+01  1.193E-03  1.193E-03  3.687E-03  3.687E-03
   135  2.0500E+01  1.327E-03  1.327E-03  5.220E-03  5.220E-03
   136  2.0000E+01  1.383E-03  1.383E-03  4.379E-03  4.379E-03
   137  1.9400E+01  1.377E-03  1.377E-03  2.852E-03  2.852E-03
   138  1.8500E+01  1.506E-03  1.506E-03  1.605E-03  1.605E-03
   139  1.7000E+01  1.495E-03  1.495E-03  2.238E-03  2.238E-03
   140  1.6000E+01  1.565E-03  1.565E-03  1.288E-03  1.288E-03
   141  1.4400E+01  1.580E-03  1.580E-03  1.245E-03  1.245E-03
   142  1.2900E+01  1.495E-03  1.495E-03  1.673E-03  1.673E-03
   143  1.1900E+01  1.442E-03  1.442E-03  3.859E-03  3.859E-03
   144  1.1500E+01  1.602E-03  1.602E-03  9.718E-04  9.718E-04
   145  1.0000E+01  1.567E-03  1.567E-03  1.449E-03  1.449E-03
   146  9.1000E+00  1.425E-03  1.425E-03  1.174E-03  1.174E-03
   147  8.1000E+00  1.503E-03  1.503E-03  1.064E-03  1.064E-03
   148  7.1500E+00  1.268E-03  1.268E-03  6.138E-03  6.138E-03
   149  7.0000E+00  1.213E-03  1.213E-03  7.108E-03  7.108E-03
   150  6.8750E+00  1.155E-03  1.155E-03  6.900E-03  6.900E-03
   151  6.7500E+00  1.142E-03  1.142E-03  3.390E-03  3.390E-03
   152  6.5000E+00  1.187E-03  1.187E-03  3.344E-03  3.344E-03
   153  6.2500E+00  1.269E-03  1.269E-03  3.285E-03  3.285E-03
   154  6.0000E+00  1.344E-03  1.344E-03  1.290E-03  1.290E-03
   155  5.4000E+00  1.403E-03  1.403E-03  1.781E-03  1.781E-03
   156  5.0000E+00  1.415E-03  1.415E-03  2.196E-03  2.196E-03
   157  4.7000E+00  1.558E-03  1.558E-03  1.007E-03  1.007E-03
   158  4.1000E+00  1.609E-03  1.609E-03  1.458E-03  1.458E-03
   159  3.7300E+00  1.525E-03  1.525E-03  2.176E-03  2.176E-03
   160  3.5000E+00  1.606E-03  1.606E-03  1.549E-03  1.549E-03
   161  3.2000E+00  1.577E-03  1.577E-03  4.386E-03  4.386E-03
   162  3.1000E+00  1.649E-03  1.649E-03  4.244E-03  4.244E-03
   163  3.0000E+00  1.709E-03  1.709E-03  1.383E-02  1.383E-02
   164  2.9700E+00  1.685E-03  1.685E-03  4.055E-03  4.055E-03
   165  2.8700E+00  1.695E-03  1.695E-03  3.909E-03  3.909E-03
   166  2.7700E+00  1.713E-03  1.713E-03  3.765E-03  3.765E-03
   167  2.6700E+00  1.731E-03  1.731E-03  3.627E-03  3.627E-03
   168  2.5700E+00  1.746E-03  1.746E-03  3.491E-03  3.491E-03
   169  2.4700E+00  1.759E-03  1.759E-03  3.734E-03  3.734E-03
   170  2.3800E+00  1.770E-03  1.770E-03  4.054E-03  4.054E-03
   171  2.3000E+00  1.778E-03  1.778E-03  3.473E-03  3.473E-03
   172  2.2100E+00  1.774E-03  1.774E-03  3.331E-03  3.331E-03
   173  2.1200E+00  1.707E-03  1.707E-03  2.357E-03  2.357E-03
   174  2.0000E+00  1.734E-03  1.734E-03  4.535E-03  4.535E-03
   175  1.9400E+00  1.775E-03  1.775E-03  3.297E-03  3.297E-03
   176  1.8600E+00  1.795E-03  1.795E-03  2.802E-03  2.802E-03
   177  1.7700E+00  1.807E-03  1.807E-03  2.665E-03  2.665E-03
   178  1.6800E+00  1.817E-03  1.817E-03  2.526E-03  2.526E-03
   179  1.5900E+00  1.826E-03  1.826E-03  2.388E-03  2.388E-03
   180  1.5000E+00  1.831E-03  1.831E-03  4.105E-03  4.105E-03
   181  1.4500E+00  1.830E-03  1.830E-03  3.967E-03  3.967E-03
   182  1.4000E+00  1.824E-03  1.824E-03  3.829E-03  3.829E-03
   183  1.3500E+00  1.811E-03  1.811E-03  3.690E-03  3.690E-03
   184  1.3000E+00  1.785E-03  1.785E-03  3.552E-03  3.552E-03
   185  1.2500E+00  1.746E-03  1.746E-03  6.909E-03  6.909E-03
   186  1.2250E+00  1.707E-03  1.707E-03  6.785E-03  6.785E-03
   187  1.2000E+00  1.665E-03  1.665E-03  6.663E-03  6.663E-03
   188  1.1750E+00  1.629E-03  1.629E-03  6.540E-03  6.540E-03
   189  1.1500E+00  1.612E-03  1.612E-03  1.613E-02  1.613E-02
   190  1.1400E+00  1.606E-03  1.606E-03  1.599E-02  1.599E-02
   191  1.1300E+00  1.602E-03  1.602E-03  1.586E-02  1.586E-02
   192  1.1200E+00  1.601E-03  1.601E-03  1.572E-02  1.572E-02
   193  1.1100E+00  1.601E-03  1.601E-03  1.558E-02  1.558E-02
   194  1.1000E+00  1.604E-03  1.604E-03  1.543E-02  1.543E-02
   195  1.0900E+00  1.607E-03  1.607E-03  1.529E-02  1.529E-02
   196  1.0800E+00  1.611E-03  1.611E-03  1.514E-02  1.514E-02
   197  1.0700E+00  1.615E-03  1.615E-03  1.500E-02  1.500E-02
   198  1.0600E+00  1.620E-03  1.620E-03  1.485E-02  1.485E-02
   199  1.0500E+00  1.625E-03  1.625E-03  1.470E-02  1.470E-02
   200  1.0400E+00  1.629E-03  1.629E-03  1.455E-02  1.455E-02
   201  1.0300E+00  1.634E-03  1.634E-03  1.441E-02  1.441E-02
   202  1.0200E+00  1.638E-03  1.638E-03  1.426E-02  1.426E-02
   203  1.0100E+00  1.642E-03  1.642E-03  1.411E-02  1.411E-02
   204  1.0000E+00  1.648E-03  1.648E-03  5.544E-03  5.544E-03
   205  9.7500E-01  1.655E-03  1.655E-03  5.400E-03  5.400E-03
   206  9.5000E-01  1.661E-03  1.661E-03  5.256E-03  5.256E-03
   207  9.2500E-01  1.667E-03  1.667E-03  5.113E-03  5.113E-03
   208  9.0000E-01  1.676E-03  1.676E-03  2.449E-03  2.449E-03
   209  8.5000E-01  1.688E-03  1.688E-03  2.308E-03  2.308E-03
   210  8.0000E-01  1.701E-03  1.701E-03  2.167E-03  2.167E-03
   211  7.5000E-01  1.714E-03  1.714E-03  2.026E-03  2.026E-03
   212  7.0000E-01  1.730E-03  1.730E-03  1.886E-03  1.886E-03
   213  6.5000E-01  1.747E-03  1.747E-03  3.563E-03  3.563E-03
   214  6.2500E-01  1.761E-03  1.761E-03  3.423E-03  3.423E-03
   215  6.0000E-01  1.797E-03  1.797E-03  1.605E-03  1.605E-03
   216  5.5000E-01  1.880E-03  1.880E-03  1.465E-03  1.465E-03
   217  5.0000E-01  2.051E-03  2.051E-03  1.324E-03  1.324E-03
   218  4.5000E-01  2.388E-03  2.388E-03  1.184E-03  1.184E-03
   219  4.0000E-01  2.796E-03  2.796E-03  2.158E-03  2.158E-03
   220  3.7500E-01  3.214E-03  3.214E-03  2.017E-03  2.017E-03
   221  3.5000E-01  3.781E-03  3.781E-03  1.876E-03  1.876E-03
   222  3.2500E-01  4.546E-03  4.546E-03  1.735E-03  1.735E-03
   223  3.0000E-01  5.565E-03  5.565E-03  1.594E-03  1.594E-03
   224  2.7500E-01  6.896E-03  6.896E-03  1.453E-03  1.453E-03
   225  2.5000E-01  8.572E-03  8.572E-03  1.313E-03  1.313E-03
   226  2.2500E-01  1.057E-02  1.057E-02  1.173E-03  1.173E-03
   227  2.0000E-01  1.279E-02  1.279E-02  1.034E-03  1.034E-03
   228  1.7500E-01  1.503E-02  1.503E-02  8.949E-04  8.949E-04
   229  1.5000E-01  1.689E-02  1.689E-02  7.559E-04  7.559E-04
   230  1.2500E-01  1.777E-02  1.777E-02  6.170E-04  6.170E-04
   231  1.0000E-01  1.751E-02  1.751E-02  1.306E-03  1.306E-03
   232  9.0000E-02  1.685E-02  1.685E-02  1.167E-03  1.167E-03
   233  8.0000E-02  1.577E-02  1.577E-02  1.029E-03  1.029E-03
   234  7.0000E-02  1.423E-02  1.423E-02  8.907E-04  8.907E-04
   235  6.0000E-02  1.224E-02  1.224E-02  7.524E-04  7.524E-04
   236  5.0000E-02  9.840E-03  9.840E-03  6.141E-04  6.141E-04
   237  4.0000E-02  7.137E-03  7.137E-03  4.756E-04  4.756E-04
   238  3.0000E-02  5.136E-03  5.136E-03  8.020E-04  8.020E-04
   239  2.5300E-02  2.336E-03  2.336E-03  1.469E-04  1.469E-04
   240  1.0000E-02  7.262E-04  7.262E-04  4.729E-04  4.729E-04
   241  7.5000E-03  3.855E-04  3.855E-04  3.352E-04  3.352E-04
   242  5.0000E-03  2.082E-04  2.082E-04  6.086E-04  6.086E-04
   243  4.0000E-03  1.279E-04  1.279E-04  4.719E-04  4.719E-04
   244  3.0000E-03  8.034E-05  8.034E-05  7.442E-04  7.442E-04
   245  2.5000E-03  5.419E-05  5.419E-05  6.079E-04  6.079E-04
   246  2.0000E-03  3.298E-05  3.298E-05  4.713E-04  4.713E-04
   247  1.5000E-03  1.980E-05  1.980E-05  6.075E-04  6.075E-04
   248  1.2000E-03  1.321E-05  1.321E-05  7.433E-04  7.433E-04
   249  1.0000E-03  8.353E-06  8.353E-06  4.710E-04  4.710E-04
   250  7.5000E-04  4.227E-06  4.227E-06  3.341E-04  3.341E-04
   251  5.0000E-04  7.157E-07  7.157E-07  8.414E-05  8.414E-05
   252  1.0000E-04  8.411E-09  8.411E-09  5.879E-05  5.879E-05

 NOTE: Flux values above are per unit-lethargy.




  Collapsing cross-sections to specified  3-group format
 ******************************************************

  Creating library entitled: Cell-weighted cross-sections                                                                        


  Broad Group Parameters

  Group      Upper        Upper         Mid         Mid     Inv. Velocity   Fission
   No.    Energy (eV)   Lethargy    Energy (eV)   Lethargy      (s/cm)      Spectrum
     1    2.0000E+07  -6.9315E-01   0.0000E+00   2.3553E+00   1.2004E-09   9.9601E-01
     2    4.5000E+04   5.4037E+00   0.0000E+00   1.1912E+01   7.8322E-07   3.9899E-03
     3    1.0000E-01   1.8421E+01   0.0000E+00   2.3026E+01   3.5361E-06   0.0000E+00
     4    1.0000E-05   2.7631E+01


  Cell Averaged Fluxes

  Mixture  Group  1      Group  2      Group  3

     0    0.00000E+00   0.00000E+00   0.00000E+00
     1    5.84827E-01   1.75316E-01   1.33810E-02
     4    2.37853E-01   4.65365E-01   2.72569E-01
  Total   4.11340E-01   3.20341E-01   1.42975E-01



  Flux Disadvantage Factors (material/total flux)

  Mixture  Group  1      Group  2      Group  3

     0    0.00000E+00   0.00000E+00   0.00000E+00
     1    1.42176E+00   5.47279E-01   9.35901E-02
     4    5.78240E-01   1.45272E+00   1.90641E+00
  Total   1.00000E+00   1.00000E+00   1.00000E+00



1Flux weighted cross-sections for homogenized regions
 ****************************************************

 Cell No.  1: block_het                                                               

 k-infinity for region 500 using flux weighted cross-sections =       1.29001808

    Group     Total          Transport      Absorption     Total-Scatter  Nu*Fission                                                                                         Kappa*Fission  Fission        Flux
----------------------------------------------------------------------------------------------------------------------------------
      1        3.78173E-01    2.23886E-01    5.00549E-03    4.92107E-03    7.80555E-03    9.12329E-14    2.89484E-03    4.11340E-01
      2        1.10103E+00    5.70717E-01    2.06914E-02    2.06913E-02    2.48680E-02    3.17316E-13    1.02078E-02    3.20341E-01
      3        2.25190E+00    1.59005E+00    3.66209E-02    3.66210E-02    4.71275E-02    6.01220E-13    1.93407E-02    1.42975E-01


    Group     Inv. Velocity  Absorption     Total-Scatter  Xe-135                                                                          Sm-149         Xe-135         Sm-149
                             (less Xe/Sm)   (less Xe/Sm)   Micro. Absorp. Micro. AbsorpAtom Density                                                                                            Atom Density
-------------------------------------------------------------------------------------------------------------------
      1        1.20043E-09    5.00549E-03    4.92107E-03    2.61347E-02    0.00000E+00    5.00000E-25    0.00000E+00
      2        7.83223E-07    2.06914E-02    2.06913E-02    5.35200E+04    0.00000E+00    5.00000E-25    0.00000E+00
      3        3.53612E-06    3.66209E-02    3.66210E-02    2.58047E+05    0.00000E+00    5.00000E-25    0.00000E+00


    P0 Scattering Matrix
-----------------------------------------------------------------------------------------------
    To:                1              2              3
    From:  1        3.44544E-01    2.87079E-02    4.38858E-08
           2        0.00000E+00    8.94985E-01    1.85353E-01
           3        0.00000E+00    3.78671E-01    1.83661E+00


    P1 Scattering Matrix
-----------------------------------------------------------------------------------------------
    To:                1              2              3
    From:  1        2.89804E-01    3.41093E-02    7.76660E-08
           2        0.00000E+00    1.26256E+00    7.20042E-02
           3        0.00000E+00    1.56320E-01    1.37011E+00


    P2 Scattering Matrix
-----------------------------------------------------------------------------------------------
    To:                1              2              3
    From:  1        2.46479E-01   -1.35513E-02    2.36267E-08
           2        0.00000E+00    7.94252E-01   -3.96618E-02
           3        0.00000E+00   -7.29393E-02    6.09936E-01


    P3 Scattering Matrix
-----------------------------------------------------------------------------------------------
    To:                1              2              3
    From:  1        1.25810E-01   -4.93556E-02   -2.74967E-08
           2        0.00000E+00    1.90357E-01   -4.93654E-02
           3        0.00000E+00   -1.01862E-01    2.58822E-01


    P4 Scattering Matrix
-----------------------------------------------------------------------------------------------
    To:                1              2              3
    From:  1        4.76975E-02   -2.31534E-02    2.43021E-08
           2        0.00000E+00   -4.49435E-02   -3.09645E-02
           3        0.00000E+00   -7.09053E-02    1.12004E-01


    P5 Scattering Matrix
-----------------------------------------------------------------------------------------------
    To:                1              2              3
    From:  1        1.64587E-02    1.94511E-02    1.56013E-07
           2        0.00000E+00    2.05150E-02   -1.81052E-02
           3        0.00000E+00   -4.17905E-02    4.80330E-02


    Key fission product yields:
         I-135      6.28810E-02
         Xe-135     2.56610E-03
         Pm-149     6.81187E-05


     Prompt fission fraction (chi)
     Group, g      Chi(g)
-----------------------------------
        1           9.96010E-01
        2           3.98989E-03
        3           0.00000E+00


     Delayed Neutron Spectrum (adjoint weighted)
    Group          Decay Constant Fraction
                   (Lambda, 1/s)  (Beta)
--------------------------------------------------
      1             1.25399E-02    2.03755E-04
      2             3.09376E-02    1.40487E-03
      3             1.17488E-01    1.32355E-03
      4             3.16084E-01    2.80016E-03
      5             1.27361E+00    1.01909E-03
      6             3.45704E+00    3.40786E-04
              Total Beta           0.70922E-02


     Delayed Neutron Spectrum (fission weighted)
    Group          Decay Constant Fraction
                   (Lambda, 1/s)  (Beta)
--------------------------------------------------
      1             1.25399E-02    2.17910E-04
      2             3.09374E-02    1.50238E-03
      3             1.17484E-01    1.41536E-03
      4             3.16075E-01    2.99433E-03
      5             1.27356E+00    1.08961E-03
      6             3.45683E+00    3.64368E-04
              Total Beta           0.75840E-02





  Zone data

      Zone   Mix    Relative     Relative         Zone
       No.   No.      Flux     Fission Power     Volume
     -----------------------------------------------------------------
         1     1   4.42188E-01   1.00000E+00   3.60000E+01
         2     4   5.57812E-01   0.00000E+00   3.60000E+01



module xsproc is finished. completion code 0.
Sequence T-Newt is finished. completion code 0.

    SCALE is finished on Mon Oct 23 11:03:56 2017.
-------------------------- Summary --------------------------
t-newt finished. used 11.3843 seconds.
SCALE driver required a maximum of 1204 MiB of RAM.
------------------------ End Summary ------------------------

