\BOOKMARK [1][-]{section.1}{Introduction}{}% 1
\BOOKMARK [1][-]{section.2}{Installing and running RAVEN \0402 mm }{}% 2
\BOOKMARK [1][-]{section.3}{Raven Input Structure \0402 mm }{}% 3
\BOOKMARK [1][-]{section.4}{RunInfo \0402 mm }{}% 4
\BOOKMARK [2][-]{subsection.4.1}{RunInfo: input of calculation flow.}{section.4}% 5
\BOOKMARK [2][-]{subsection.4.2}{RunInfo: input of queue modes.}{section.4}% 6
\BOOKMARK [2][-]{subsection.4.3}{RunInfo: Advanced Users.}{section.4}% 7
\BOOKMARK [2][-]{subsection.4.4}{RunInfo: Examples.}{section.4}% 8
\BOOKMARK [1][-]{section.5}{Distributions \0402 mm Author: Andrea Alfonsi}{}% 9
\BOOKMARK [2][-]{subsection.5.1}{1-Dimensional Probability Distributions}{section.5}% 10
\BOOKMARK [3][-]{subsubsection.5.1.1}{Bernoulli Distribution}{subsection.5.1}% 11
\BOOKMARK [3][-]{subsubsection.5.1.2}{Beta Distribution}{subsection.5.1}% 12
\BOOKMARK [3][-]{subsubsection.5.1.3}{Binomial Distribution}{subsection.5.1}% 13
\BOOKMARK [3][-]{subsubsection.5.1.4}{Exponential Distribution}{subsection.5.1}% 14
\BOOKMARK [1][-]{section.6}{Samplers \0402 mm }{}% 15
\BOOKMARK [1][-]{section.7}{Functions \0402 mm }{}% 16
\BOOKMARK [1][-]{section.8}{Models \0402 mm }{}% 17
\BOOKMARK [2][-]{subsection.8.1}{Dummy}{section.8}% 18
\BOOKMARK [2][-]{subsection.8.2}{ROM}{section.8}% 19
\BOOKMARK [2][-]{subsection.8.3}{External Model}{section.8}% 20
\BOOKMARK [2][-]{subsection.8.4}{Code}{section.8}% 21
\BOOKMARK [2][-]{subsection.8.5}{Projector}{section.8}% 22
\BOOKMARK [2][-]{subsection.8.6}{PostProcessor}{section.8}% 23
\BOOKMARK [1][-]{section.9}{Steps \0402 mm }{}% 24
\BOOKMARK [1][-]{section.10}{Datas \0402 mm }{}% 25
\BOOKMARK [1][-]{section.11}{Databases}{}% 26
\BOOKMARK [1][-]{section.12}{OutStream system \0402 mm Author: Andrea Alfonsi}{}% 27
\BOOKMARK [2][-]{subsection.12.1}{Printing system }{section.12}% 28
\BOOKMARK [2][-]{subsection.12.2}{Plotting system }{section.12}% 29
\BOOKMARK [3][-]{subsubsection.12.2.1}{Plot input structure }{subsection.12.2}% 30
\BOOKMARK [4][-]{paragraph.12.2.1.1}{``Actions'' input block }{subsubsection.12.2.1}% 31
\BOOKMARK [4][-]{paragraph.12.2.1.2}{``plot\137settings'' input block }{subsubsection.12.2.1}% 32
\BOOKMARK [4][-]{paragraph.12.2.1.3}{Predefined Plotting System: 2D/3D }{subsubsection.12.2.1}% 33
\BOOKMARK [3][-]{subsubsection.12.2.2}{Interpreted Plotting instruction }{subsection.12.2}% 34
\BOOKMARK [1][-]{section.13}{Existing Interfaces \0402 mm }{}% 35
\BOOKMARK [2][-]{subsection.13.1}{RELAP5 Interface}{section.13}% 36
\BOOKMARK [3][-]{subsubsection.13.1.1}{Files}{subsection.13.1}% 37
\BOOKMARK [3][-]{subsubsection.13.1.2}{Sequence}{subsection.13.1}% 38
\BOOKMARK [3][-]{subsubsection.13.1.3}{batchSize and mode}{subsection.13.1}% 39
\BOOKMARK [3][-]{subsubsection.13.1.4}{RunInfo}{subsection.13.1}% 40
\BOOKMARK [3][-]{subsubsection.13.1.5}{Models}{subsection.13.1}% 41
\BOOKMARK [3][-]{subsubsection.13.1.6}{Distributions}{subsection.13.1}% 42
\BOOKMARK [3][-]{subsubsection.13.1.7}{Samplers}{subsection.13.1}% 43
\BOOKMARK [3][-]{subsubsection.13.1.8}{Steps}{subsection.13.1}% 44
\BOOKMARK [3][-]{subsubsection.13.1.9}{DataBases}{subsection.13.1}% 45
\BOOKMARK [2][-]{subsection.13.2}{RELAP7 Interface}{section.13}% 46
\BOOKMARK [3][-]{subsubsection.13.2.1}{Files}{subsection.13.2}% 47
\BOOKMARK [3][-]{subsubsection.13.2.2}{Models}{subsection.13.2}% 48
\BOOKMARK [3][-]{subsubsection.13.2.3}{Distributions}{subsection.13.2}% 49
\BOOKMARK [3][-]{subsubsection.13.2.4}{Samplers}{subsection.13.2}% 50
\BOOKMARK [3][-]{subsubsection.13.2.5}{Steps}{subsection.13.2}% 51
\BOOKMARK [1][-]{section*.4}{References}{}% 52
